[0.161s] Invoking command in '/home/kazuma/ros2_ws_2/ros2_main/build/lidar_vel': AMENT_PREFIX_PATH=/home/kazuma/ros2_ws_2/ros2_main/install/csm:${AMENT_PREFIX_PATH} CMAKE_PREFIX_PATH=/home/kazuma/ros2_ws_2/ros2_main/install/csm:/home/kazuma/ros2_ws/install/tutorial_topic:/home/kazuma/ros2_ws/install/tutorial_package:/home/kazuma/ros2_ws/install/turtlebot3_simulations:/home/kazuma/ros2_ws/install/turtlebot3_gazebo:/home/kazuma/ros2_ws/install/turtlebot3_fake_node:/home/kazuma/ros2_ws/install/nav2_system_tests:/home/kazuma/ros2_ws/install/nav2_bringup:/home/kazuma/ros2_ws/install/navigation2:/home/kazuma/ros2_ws/install/smac_planner:/home/kazuma/ros2_ws/install/slam_toolbox:/home/kazuma/ros2_ws/install/nav2_dwb_controller:/home/kazuma/ros2_ws/install/nav2_controller:/home/kazuma/ros2_ws/install/dwb_plugins:/home/kazuma/ros2_ws/install/dwb_critics:/home/kazuma/ros2_ws/install/dwb_core:/home/kazuma/ros2_ws/install/nav_2d_utils:/home/kazuma/ros2_ws/install/dwb_msgs:/home/kazuma/ros2_ws/install/nav_2d_msgs:/home/kazuma/ros2_ws/install/nav2_waypoint_follower:/home/kazuma/ros2_ws/install/nav2_regulated_pure_pursuit_controller:/home/kazuma/ros2_ws/install/nav2_recoveries:/home/kazuma/ros2_ws/install/nav2_planner:/home/kazuma/ros2_ws/install/nav2_navfn_planner:/home/kazuma/ros2_ws/install/nav2_core:/home/kazuma/ros2_ws/install/costmap_queue:/home/kazuma/ros2_ws/install/nav2_costmap_2d:/home/kazuma/ros2_ws/install/nav2_voxel_grid:/home/kazuma/ros2_ws/install/nav2_rviz_plugins:/home/kazuma/ros2_ws/install/nav2_map_server:/home/kazuma/ros2_ws/install/nav2_lifecycle_manager:/home/kazuma/ros2_ws/install/nav2_bt_navigator:/home/kazuma/ros2_ws/install/nav2_behavior_tree:/home/kazuma/ros2_ws/install/nav2_amcl:/home/kazuma/ros2_ws/install/nav2_util:/home/kazuma/ros2_ws/install/nav2_common:/home/kazuma/ros2_ws_2/install/urg:/home/kazuma/ros2_ws_2/install/urdf_tutorial:/home/kazuma/ros2_ws_2/install/turtlebot3_msgs:/home/kazuma/ros2_ws_2/install/turtlebot3_gazebo:/home/kazuma/ros2_ws_2/install/turtlebot3_description:/home/kazuma/ros2_ws_2/install/turtlebot3_cartographer:/home/kazuma/ros2_ws_2/install/nav2_system_tests:/home/kazuma/ros2_ws_2/install/nav2_bringup:/home/kazuma/ros2_ws_2/install/navigation2:/home/kazuma/ros2_ws_2/install/smac_planner:/home/kazuma/ros2_ws_2/install/slam_toolbox:/home/kazuma/ros2_ws_2/install/send_goal_2:/home/kazuma/ros2_ws_2/install/send_goal:/home/kazuma/ros2_ws_2/install/nav2_dwb_controller:/home/kazuma/ros2_ws_2/install/nav2_controller:/home/kazuma/ros2_ws_2/install/dwb_plugins:/home/kazuma/ros2_ws_2/install/dwb_critics:/home/kazuma/ros2_ws_2/install/dwb_core:/home/kazuma/ros2_ws_2/install/nav_2d_utils:/home/kazuma/ros2_ws_2/install/dwb_msgs:/home/kazuma/ros2_ws_2/install/nav_2d_msgs:/home/kazuma/ros2_ws_2/install/nav2_waypoint_follower:/home/kazuma/ros2_ws_2/install/nav2_regulated_pure_pursuit_controller:/home/kazuma/ros2_ws_2/install/nav2_recoveries:/home/kazuma/ros2_ws_2/install/nav2_planner:/home/kazuma/ros2_ws_2/install/nav2_navfn_planner:/home/kazuma/ros2_ws_2/install/nav2_core:/home/kazuma/ros2_ws_2/install/costmap_queue:/home/kazuma/ros2_ws_2/install/nav2_costmap_2d:/home/kazuma/ros2_ws_2/install/nav2_voxel_grid:/home/kazuma/ros2_ws_2/install/nav2_rviz_plugins:/home/kazuma/ros2_ws_2/install/nav2_map_server:/home/kazuma/ros2_ws_2/install/nav2_lifecycle_manager:/home/kazuma/ros2_ws_2/install/nav2_bt_navigator:/home/kazuma/ros2_ws_2/install/nav2_behavior_tree:/home/kazuma/ros2_ws_2/install/nav2_amcl:/home/kazuma/ros2_ws_2/install/nav2_util:/home/kazuma/ros2_ws_2/install/nav2_msgs:/home/kazuma/ros2_ws_2/install/nav2_common:/home/kazuma/ros2_ws_2/install/dynamixel_sdk_examples:/home/kazuma/ros2_ws_2/install/dynamixel_sdk_custom_interfaces:/home/kazuma/ros2_ws_2/install/dynamixel_sdk:/home/kazuma/ros2_ws/install/nav2_msgs:/home/kazuma/ros2_ws/install/nav2_gazebo_spawner:/home/kazuma/ros2_ws_2/install/turtlebot3_teleop:/home/kazuma/ros2_ws_2/install/turtlebot3_example:/home/kazuma/ros2_ws_2/install/nav2_gazebo_spawner:/opt/ros/foxy LD_LIBRARY_PATH=/home/kazuma/ros2_ws_2/ros2_main/install/csm/lib:${LD_LIBRARY_PATH} /usr/bin/cmake --build /home/kazuma/ros2_ws_2/ros2_main/build/lidar_vel -- -j8 -l8
[0.228s] [35m[1mScanning dependencies of target lidar_vel[0m
[0.271s] [ 50%] [32mBuilding CXX object CMakeFiles/lidar_vel.dir/src/lidar_vel.cpp.o[0m
[3.922s] [01m[K/home/kazuma/ros2_ws_2/ros2_main/src/lidar_vel/src/lidar_vel.cpp:212:1:[m[K [01;31m[Kerror: [m[Kâ€˜[01m[KLidarVel[m[Kâ€™ does not name a type; did you mean â€˜[01m[Klidar_vel[m[Kâ€™?
[3.922s]   212 | [01;31m[KLidarVel[m[K::~LidarVel()
[3.923s]       | [01;31m[K^~~~~~~~[m[K
[3.923s]       | [32m[Klidar_vel[m[K
[3.923s] [01m[K/home/kazuma/ros2_ws_2/ros2_main/src/lidar_vel/src/lidar_vel.cpp:217:6:[m[K [01;31m[Kerror: [m[Kâ€˜[01m[KLidarVel[m[Kâ€™ has not been declared
[3.923s]   217 | void [01;31m[KLidarVel[m[K::createCache (const sensor_msgs::msg::LaserScan::SharedPtr& scan_msg)
[3.923s]       |      [01;31m[K^~~~~~~~[m[K
[3.926s] [01m[K/home/kazuma/ros2_ws_2/ros2_main/src/lidar_vel/src/lidar_vel.cpp:[m[K In function â€˜[01m[Kvoid createCache(const SharedPtr&)[m[Kâ€™:
[3.926s] [01m[K/home/kazuma/ros2_ws_2/ros2_main/src/lidar_vel/src/lidar_vel.cpp:219:3:[m[K [01;31m[Kerror: [m[Kâ€˜[01m[Ka_cos_[m[Kâ€™ was not declared in this scope; did you mean â€˜[01m[Kacosl[m[Kâ€™?
[3.927s]   219 |   [01;31m[Ka_cos_[m[K.clear();
[3.927s]       |   [01;31m[K^~~~~~[m[K
[3.927s]       |   [32m[Kacosl[m[K
[3.930s] [01m[K/home/kazuma/ros2_ws_2/ros2_main/src/lidar_vel/src/lidar_vel.cpp:220:3:[m[K [01;31m[Kerror: [m[Kâ€˜[01m[Ka_sin_[m[Kâ€™ was not declared in this scope; did you mean â€˜[01m[Kasinl[m[Kâ€™?
[3.930s]   220 |   [01;31m[Ka_sin_[m[K.clear();
[3.930s]       |   [01;31m[K^~~~~~[m[K
[3.930s]       |   [32m[Kasinl[m[K
[3.936s] [01m[K/home/kazuma/ros2_ws_2/ros2_main/src/lidar_vel/src/lidar_vel.cpp:229:3:[m[K [01;31m[Kerror: [m[Kâ€˜[01m[Kinput_[m[Kâ€™ was not declared in this scope
[3.937s]   229 |   [01;31m[Kinput_[m[K.min_reading = scan_msg->range_min;
[3.937s]       |   [01;31m[K^~~~~~[m[K
[3.937s] [01m[K/home/kazuma/ros2_ws_2/ros2_main/src/lidar_vel/src/lidar_vel.cpp:[m[K At global scope:
[3.937s] [01m[K/home/kazuma/ros2_ws_2/ros2_main/src/lidar_vel/src/lidar_vel.cpp:234:6:[m[K [01;31m[Kerror: [m[Kâ€˜[01m[KLidarVel[m[Kâ€™ has not been declared
[3.937s]   234 | void [01;31m[KLidarVel[m[K::scanCallback(const sensor_msgs::msg::LaserScan::SharedPtr scan_msg)
[3.938s]       |      [01;31m[K^~~~~~~~[m[K
[3.944s] [01m[K/home/kazuma/ros2_ws_2/ros2_main/src/lidar_vel/src/lidar_vel.cpp:[m[K In function â€˜[01m[Kvoid scanCallback(sensor_msgs::msg::LaserScan_<std::allocator<void> >::SharedPtr)[m[Kâ€™:
[3.944s] [01m[K/home/kazuma/ros2_ws_2/ros2_main/src/lidar_vel/src/lidar_vel.cpp:238:8:[m[K [01;31m[Kerror: [m[Kâ€˜[01m[Kinitialized_[m[Kâ€™ was not declared in this scope
[3.944s]   238 |   if (![01;31m[Kinitialized_[m[K)
[3.944s]       |        [01;31m[K^~~~~~~~~~~~[m[K
[3.948s] [01m[K/home/kazuma/ros2_ws_2/ros2_main/src/lidar_vel/src/lidar_vel.cpp:243:27:[m[K [01;31m[Kerror: [m[Kâ€˜[01m[Klaser_frame_[m[Kâ€™ was not declared in this scope
[3.948s]   243 |     if (!getBaseToLaserTf([01;31m[Klaser_frame_[m[K))
[3.949s]       |                           [01;31m[K^~~~~~~~~~~~[m[K
[3.957s] [01m[K/home/kazuma/ros2_ws_2/ros2_main/src/lidar_vel/src/lidar_vel.cpp:243:10:[m[K [01;31m[Kerror: [m[Kâ€˜[01m[KgetBaseToLaserTf[m[Kâ€™ was not declared in this scope
[3.957s]   243 |     if (![01;31m[KgetBaseToLaserTf[m[K(laser_frame_))
[3.957s]       |          [01;31m[K^~~~~~~~~~~~~~~~[m[K
[3.959s] In file included from [01m[K/opt/ros/foxy/include/rclcpp/service.hpp:34[m[K,
[3.959s]                  from [01m[K/opt/ros/foxy/include/rclcpp/callback_group.hpp:25[m[K,
[3.959s]                  from [01m[K/opt/ros/foxy/include/rclcpp/any_executable.hpp:20[m[K,
[3.959s]                  from [01m[K/opt/ros/foxy/include/rclcpp/memory_strategy.hpp:24[m[K,
[3.959s]                  from [01m[K/opt/ros/foxy/include/rclcpp/memory_strategies.hpp:18[m[K,
[3.959s]                  from [01m[K/opt/ros/foxy/include/rclcpp/executor_options.hpp:20[m[K,
[3.960s]                  from [01m[K/opt/ros/foxy/include/rclcpp/executor.hpp:33[m[K,
[3.960s]                  from [01m[K/opt/ros/foxy/include/rclcpp/executors/multi_threaded_executor.hpp:26[m[K,
[3.960s]                  from [01m[K/opt/ros/foxy/include/rclcpp/executors.hpp:21[m[K,
[3.960s]                  from [01m[K/opt/ros/foxy/include/rclcpp/rclcpp.hpp:146[m[K,
[3.960s]                  from [01m[K/opt/ros/foxy/include/tf2_ros/transform_broadcaster.h:36[m[K,
[3.960s]                  from [01m[K/home/kazuma/ros2_ws_2/ros2_main/src/lidar_vel/include/lidar_vel/lidar_vel.h:7[m[K,
[3.960s]                  from [01m[K/home/kazuma/ros2_ws_2/ros2_main/src/lidar_vel/src/lidar_vel.cpp:1[m[K:
[3.961s] [01m[K/home/kazuma/ros2_ws_2/ros2_main/src/lidar_vel/src/lidar_vel.cpp:245:19:[m[K [01;31m[Kerror: [m[Kâ€˜[01m[Kget_logger[m[Kâ€™ was not declared in this scope; did you mean â€˜[01m[Krclcpp::get_logger[m[Kâ€™?
[3.961s]   245 |       RCLCPP_WARN([01;31m[Kget_logger[m[K(),"Skipping scan");
[3.961s]       |                   [01;31m[K^~~~~~~~~~[m[K
[3.961s] In file included from [01m[K/opt/ros/foxy/include/rclcpp/logging.hpp:23[m[K,
[3.961s]                  from [01m[K/opt/ros/foxy/include/rclcpp/service.hpp:34[m[K,
[3.961s]                  from [01m[K/opt/ros/foxy/include/rclcpp/callback_group.hpp:25[m[K,
[3.962s]                  from [01m[K/opt/ros/foxy/include/rclcpp/any_executable.hpp:20[m[K,
[3.962s]                  from [01m[K/opt/ros/foxy/include/rclcpp/memory_strategy.hpp:24[m[K,
[3.962s]                  from [01m[K/opt/ros/foxy/include/rclcpp/memory_strategies.hpp:18[m[K,
[3.962s]                  from [01m[K/opt/ros/foxy/include/rclcpp/executor_options.hpp:20[m[K,
[3.962s]                  from [01m[K/opt/ros/foxy/include/rclcpp/executor.hpp:33[m[K,
[3.962s]                  from [01m[K/opt/ros/foxy/include/rclcpp/executors/multi_threaded_executor.hpp:26[m[K,
[3.962s]                  from [01m[K/opt/ros/foxy/include/rclcpp/executors.hpp:21[m[K,
[3.962s]                  from [01m[K/opt/ros/foxy/include/rclcpp/rclcpp.hpp:146[m[K,
[3.963s]                  from [01m[K/opt/ros/foxy/include/tf2_ros/transform_broadcaster.h:36[m[K,
[3.963s]                  from [01m[K/home/kazuma/ros2_ws_2/ros2_main/src/lidar_vel/include/lidar_vel/lidar_vel.h:7[m[K,
[3.963s]                  from [01m[K/home/kazuma/ros2_ws_2/ros2_main/src/lidar_vel/src/lidar_vel.cpp:1[m[K:
[3.963s] [01m[K/opt/ros/foxy/include/rclcpp/logger.hpp:80:17:[m[K [01;36m[Knote: [m[Kâ€˜[01m[Krclcpp::get_logger[m[Kâ€™ declared here
[3.963s]    80 |   friend Logger [01;36m[Krclcpp[m[K::get_logger(const std::string & name);
[3.963s]       |                 [01;36m[K^~~~~~[m[K
[3.963s] In file included from [01m[K/opt/ros/foxy/include/rclcpp/service.hpp:34[m[K,
[3.964s]                  from [01m[K/opt/ros/foxy/include/rclcpp/callback_group.hpp:25[m[K,
[3.964s]                  from [01m[K/opt/ros/foxy/include/rclcpp/any_executable.hpp:20[m[K,
[3.964s]                  from [01m[K/opt/ros/foxy/include/rclcpp/memory_strategy.hpp:24[m[K,
[3.964s]                  from [01m[K/opt/ros/foxy/include/rclcpp/memory_strategies.hpp:18[m[K,
[3.964s]                  from [01m[K/opt/ros/foxy/include/rclcpp/executor_options.hpp:20[m[K,
[3.964s]                  from [01m[K/opt/ros/foxy/include/rclcpp/executor.hpp:33[m[K,
[3.965s]                  from [01m[K/opt/ros/foxy/include/rclcpp/executors/multi_threaded_executor.hpp:26[m[K,
[3.965s]                  from [01m[K/opt/ros/foxy/include/rclcpp/executors.hpp:21[m[K,
[3.965s]                  from [01m[K/opt/ros/foxy/include/rclcpp/rclcpp.hpp:146[m[K,
[3.965s]                  from [01m[K/opt/ros/foxy/include/tf2_ros/transform_broadcaster.h:36[m[K,
[3.965s]                  from [01m[K/home/kazuma/ros2_ws_2/ros2_main/src/lidar_vel/include/lidar_vel/lidar_vel.h:7[m[K,
[3.965s]                  from [01m[K/home/kazuma/ros2_ws_2/ros2_main/src/lidar_vel/src/lidar_vel.cpp:1[m[K:
[3.965s] [01m[K/home/kazuma/ros2_ws_2/ros2_main/src/lidar_vel/src/lidar_vel.cpp:245:7:[m[K [01;31m[Kerror: [m[Ktemplate argument 1 is invalid
[3.966s]   245 |       [01;31m[KRCLCPP_WARN[m[K(get_logger(),"Skipping scan");
[3.966s]       |       [01;31m[K^~~~~~~~~~~[m[K
[3.966s] [01m[K/home/kazuma/ros2_ws_2/ros2_main/src/lidar_vel/src/lidar_vel.cpp:245:7:[m[K [01;31m[Kerror: [m[Ktemplate argument 1 is invalid
[3.966s]   245 |       [01;31m[KRCLCPP_WARN[m[K(get_logger(),"Skipping scan");
[3.966s]       |       [01;31m[K^~~~~~~~~~~[m[K
[3.966s] [01m[K/home/kazuma/ros2_ws_2/ros2_main/src/lidar_vel/src/lidar_vel.cpp:245:7:[m[K [01;31m[Kerror: [m[Ktemplate argument 1 is invalid
[3.966s]   245 |       [01;31m[KRCLCPP_WARN[m[K(get_logger(),"Skipping scan");
[3.966s]       |       [01;31m[K^~~~~~~~~~~[m[K
[3.968s] [01m[K/home/kazuma/ros2_ws_2/ros2_main/src/lidar_vel/src/lidar_vel.cpp:249:30:[m[K [01;31m[Kerror: [m[Kâ€˜[01m[Kprev_ldp_scan_[m[Kâ€™ was not declared in this scope
[3.969s]   249 |     laserScanToLDP(scan_msg, [01;31m[Kprev_ldp_scan_[m[K);
[3.969s]       |                              [01;31m[K^~~~~~~~~~~~~~[m[K
[3.976s] [01m[K/home/kazuma/ros2_ws_2/ros2_main/src/lidar_vel/src/lidar_vel.cpp:249:5:[m[K [01;31m[Kerror: [m[Kâ€˜[01m[KlaserScanToLDP[m[Kâ€™ was not declared in this scope
[3.976s]   249 |     [01;31m[KlaserScanToLDP[m[K(scan_msg, prev_ldp_scan_);
[3.976s]       |     [01;31m[K^~~~~~~~~~~~~~[m[K
[3.982s] [01m[K/home/kazuma/ros2_ws_2/ros2_main/src/lidar_vel/src/lidar_vel.cpp:250:5:[m[K [01;31m[Kerror: [m[Kâ€˜[01m[Klast_icp_time_[m[Kâ€™ was not declared in this scope
[3.983s]   250 |     [01;31m[Klast_icp_time_[m[K = scan_msg->header.stamp;
[3.983s]       |     [01;31m[K^~~~~~~~~~~~~~[m[K
[3.990s] [01m[K/home/kazuma/ros2_ws_2/ros2_main/src/lidar_vel/src/lidar_vel.cpp:255:3:[m[K [01;31m[Kerror: [m[Kâ€˜[01m[KlaserScanToLDP[m[Kâ€™ was not declared in this scope
[3.990s]   255 |   [01;31m[KlaserScanToLDP[m[K(scan_msg, curr_ldp_scan);
[3.990s]       |   [01;31m[K^~~~~~~~~~~~~~[m[K
[3.995s] [01m[K/home/kazuma/ros2_ws_2/ros2_main/src/lidar_vel/src/lidar_vel.cpp:256:3:[m[K [01;31m[Kerror: [m[Kâ€˜[01m[KprocessScan[m[Kâ€™ was not declared in this scope
[3.995s]   256 |   [01;31m[KprocessScan[m[K(curr_ldp_scan, scan_msg->header.stamp);
[3.995s]       |   [01;31m[K^~~~~~~~~~~[m[K
[3.995s] [01m[K/home/kazuma/ros2_ws_2/ros2_main/src/lidar_vel/src/lidar_vel.cpp:[m[K At global scope:
[3.995s] [01m[K/home/kazuma/ros2_ws_2/ros2_main/src/lidar_vel/src/lidar_vel.cpp:259:6:[m[K [01;31m[Kerror: [m[Kâ€˜[01m[KLidarVel[m[Kâ€™ has not been declared
[3.995s]   259 | bool [01;31m[KLidarVel[m[K::getBaseToLaserTf (const std::string& frame_id)
[3.995s]       |      [01;31m[K^~~~~~~~[m[K
[3.997s] [01m[K/home/kazuma/ros2_ws_2/ros2_main/src/lidar_vel/src/lidar_vel.cpp:[m[K In function â€˜[01m[Kbool getBaseToLaserTf(const string&)[m[Kâ€™:
[3.998s] [01m[K/home/kazuma/ros2_ws_2/ros2_main/src/lidar_vel/src/lidar_vel.cpp:261:20:[m[K [01;31m[Kerror: [m[Kâ€˜[01m[Know[m[Kâ€™ was not declared in this scope; did you mean â€˜[01m[Kpow[m[Kâ€™?
[3.998s]   261 |   rclcpp::Time t = [01;31m[Know[m[K();
[3.998s]       |                    [01;31m[K^~~[m[K
[3.998s]       |                    [32m[Kpow[m[K
[4.003s] [01m[K/home/kazuma/ros2_ws_2/ros2_main/src/lidar_vel/src/lidar_vel.cpp:267:24:[m[K [01;31m[Kerror: [m[Kâ€˜[01m[Ktf_buffer_[m[Kâ€™ was not declared in this scope
[4.003s]   267 |       laser_pose_msg = [01;31m[Ktf_buffer_[m[K->lookupTransform(base_frame_, frame_id, t,rclcpp::Duration(10));
[4.003s]       |                        [01;31m[K^~~~~~~~~~[m[K
[4.007s] [01m[K/home/kazuma/ros2_ws_2/ros2_main/src/lidar_vel/src/lidar_vel.cpp:267:52:[m[K [01;31m[Kerror: [m[Kâ€˜[01m[Kbase_frame_[m[Kâ€™ was not declared in this scope; did you mean â€˜[01m[Kbasename[m[Kâ€™?
[4.007s]   267 |       laser_pose_msg = tf_buffer_->lookupTransform([01;31m[Kbase_frame_[m[K, frame_id, t,rclcpp::Duration(10));
[4.008s]       |                                                    [01;31m[K^~~~~~~~~~~[m[K
[4.008s]       |                                                    [32m[Kbasename[m[K
[4.010s] In file included from [01m[K/opt/ros/foxy/include/rclcpp/service.hpp:34[m[K,
[4.010s]                  from [01m[K/opt/ros/foxy/include/rclcpp/callback_group.hpp:25[m[K,
[4.010s]                  from [01m[K/opt/ros/foxy/include/rclcpp/any_executable.hpp:20[m[K,
[4.010s]                  from [01m[K/opt/ros/foxy/include/rclcpp/memory_strategy.hpp:24[m[K,
[4.010s]                  from [01m[K/opt/ros/foxy/include/rclcpp/memory_strategies.hpp:18[m[K,
[4.010s]                  from [01m[K/opt/ros/foxy/include/rclcpp/executor_options.hpp:20[m[K,
[4.010s]                  from [01m[K/opt/ros/foxy/include/rclcpp/executor.hpp:33[m[K,
[4.010s]                  from [01m[K/opt/ros/foxy/include/rclcpp/executors/multi_threaded_executor.hpp:26[m[K,
[4.010s]                  from [01m[K/opt/ros/foxy/include/rclcpp/executors.hpp:21[m[K,
[4.011s]                  from [01m[K/opt/ros/foxy/include/rclcpp/rclcpp.hpp:146[m[K,
[4.011s]                  from [01m[K/opt/ros/foxy/include/tf2_ros/transform_broadcaster.h:36[m[K,
[4.011s]                  from [01m[K/home/kazuma/ros2_ws_2/ros2_main/src/lidar_vel/include/lidar_vel/lidar_vel.h:7[m[K,
[4.011s]                  from [01m[K/home/kazuma/ros2_ws_2/ros2_main/src/lidar_vel/src/lidar_vel.cpp:1[m[K:
[4.011s] [01m[K/home/kazuma/ros2_ws_2/ros2_main/src/lidar_vel/src/lidar_vel.cpp:280:17:[m[K [01;31m[Kerror: [m[Kâ€˜[01m[Kget_logger[m[Kâ€™ was not declared in this scope; did you mean â€˜[01m[Krclcpp::get_logger[m[Kâ€™?
[4.011s]   280 |     RCLCPP_INFO([01;31m[Kget_logger[m[K(),"Could not get initial transform from base to laser frame, %s", ex.what());
[4.011s]       |                 [01;31m[K^~~~~~~~~~[m[K
[4.011s] In file included from [01m[K/opt/ros/foxy/include/rclcpp/logging.hpp:23[m[K,
[4.011s]                  from [01m[K/opt/ros/foxy/include/rclcpp/service.hpp:34[m[K,
[4.011s]                  from [01m[K/opt/ros/foxy/include/rclcpp/callback_group.hpp:25[m[K,
[4.011s]                  from [01m[K/opt/ros/foxy/include/rclcpp/any_executable.hpp:20[m[K,
[4.011s]                  from [01m[K/opt/ros/foxy/include/rclcpp/memory_strategy.hpp:24[m[K,
[4.012s]                  from [01m[K/opt/ros/foxy/include/rclcpp/memory_strategies.hpp:18[m[K,
[4.012s]                  from [01m[K/opt/ros/foxy/include/rclcpp/executor_options.hpp:20[m[K,
[4.012s]                  from [01m[K/opt/ros/foxy/include/rclcpp/executor.hpp:33[m[K,
[4.012s]                  from [01m[K/opt/ros/foxy/include/rclcpp/executors/multi_threaded_executor.hpp:26[m[K,
[4.012s]                  from [01m[K/opt/ros/foxy/include/rclcpp/executors.hpp:21[m[K,
[4.012s]                  from [01m[K/opt/ros/foxy/include/rclcpp/rclcpp.hpp:146[m[K,
[4.012s]                  from [01m[K/opt/ros/foxy/include/tf2_ros/transform_broadcaster.h:36[m[K,
[4.012s]                  from [01m[K/home/kazuma/ros2_ws_2/ros2_main/src/lidar_vel/include/lidar_vel/lidar_vel.h:7[m[K,
[4.012s]                  from [01m[K/home/kazuma/ros2_ws_2/ros2_main/src/lidar_vel/src/lidar_vel.cpp:1[m[K:
[4.012s] [01m[K/opt/ros/foxy/include/rclcpp/logger.hpp:80:17:[m[K [01;36m[Knote: [m[Kâ€˜[01m[Krclcpp::get_logger[m[Kâ€™ declared here
[4.012s]    80 |   friend Logger [01;36m[Krclcpp[m[K::get_logger(const std::string & name);
[4.013s]       |                 [01;36m[K^~~~~~[m[K
[4.013s] In file included from [01m[K/opt/ros/foxy/include/rclcpp/service.hpp:34[m[K,
[4.013s]                  from [01m[K/opt/ros/foxy/include/rclcpp/callback_group.hpp:25[m[K,
[4.013s]                  from [01m[K/opt/ros/foxy/include/rclcpp/any_executable.hpp:20[m[K,
[4.014s]                  from [01m[K/opt/ros/foxy/include/rclcpp/memory_strategy.hpp:24[m[K,
[4.014s]                  from [01m[K/opt/ros/foxy/include/rclcpp/memory_strategies.hpp:18[m[K,
[4.014s]                  from [01m[K/opt/ros/foxy/include/rclcpp/executor_options.hpp:20[m[K,
[4.014s]                  from [01m[K/opt/ros/foxy/include/rclcpp/executor.hpp:33[m[K,
[4.014s]                  from [01m[K/opt/ros/foxy/include/rclcpp/executors/multi_threaded_executor.hpp:26[m[K,
[4.015s]                  from [01m[K/opt/ros/foxy/include/rclcpp/executors.hpp:21[m[K,
[4.015s]                  from [01m[K/opt/ros/foxy/include/rclcpp/rclcpp.hpp:146[m[K,
[4.015s]                  from [01m[K/opt/ros/foxy/include/tf2_ros/transform_broadcaster.h:36[m[K,
[4.015s]                  from [01m[K/home/kazuma/ros2_ws_2/ros2_main/src/lidar_vel/include/lidar_vel/lidar_vel.h:7[m[K,
[4.016s]                  from [01m[K/home/kazuma/ros2_ws_2/ros2_main/src/lidar_vel/src/lidar_vel.cpp:1[m[K:
[4.016s] [01m[K/home/kazuma/ros2_ws_2/ros2_main/src/lidar_vel/src/lidar_vel.cpp:280:5:[m[K [01;31m[Kerror: [m[Ktemplate argument 1 is invalid
[4.016s]   280 |     [01;31m[KRCLCPP_INFO[m[K(get_logger(),"Could not get initial transform from base to laser frame, %s", ex.what());
[4.016s]       |     [01;31m[K^~~~~~~~~~~[m[K
[4.016s] [01m[K/home/kazuma/ros2_ws_2/ros2_main/src/lidar_vel/src/lidar_vel.cpp:280:5:[m[K [01;31m[Kerror: [m[Ktemplate argument 1 is invalid
[4.017s]   280 |     [01;31m[KRCLCPP_INFO[m[K(get_logger(),"Could not get initial transform from base to laser frame, %s", ex.what());
[4.017s]       |     [01;31m[K^~~~~~~~~~~[m[K
[4.017s] [01m[K/home/kazuma/ros2_ws_2/ros2_main/src/lidar_vel/src/lidar_vel.cpp:280:5:[m[K [01;31m[Kerror: [m[Ktemplate argument 1 is invalid
[4.017s]   280 |     [01;31m[KRCLCPP_INFO[m[K(get_logger(),"Could not get initial transform from base to laser frame, %s", ex.what());
[4.017s]       |     [01;31m[K^~~~~~~~~~~[m[K
[4.017s] [01m[K/home/kazuma/ros2_ws_2/ros2_main/src/lidar_vel/src/lidar_vel.cpp:284:3:[m[K [01;31m[Kerror: [m[Kâ€˜[01m[Kbase_to_laser_[m[Kâ€™ was not declared in this scope; did you mean â€˜[01m[Kbase_to_laser_tf[m[Kâ€™?
[4.017s]   284 |   [01;31m[Kbase_to_laser_[m[K = base_to_laser_tf;
[4.018s]       |   [01;31m[K^~~~~~~~~~~~~~[m[K
[4.018s]       |   [32m[Kbase_to_laser_tf[m[K
[4.022s] [01m[K/home/kazuma/ros2_ws_2/ros2_main/src/lidar_vel/src/lidar_vel.cpp:285:3:[m[K [01;31m[Kerror: [m[Kâ€˜[01m[Klaser_to_base_[m[Kâ€™ was not declared in this scope; did you mean â€˜[01m[Kbase_to_laser_tf[m[Kâ€™?
[4.022s]   285 |   [01;31m[Klaser_to_base_[m[K = base_to_laser_.inverse();
[4.022s]       |   [01;31m[K^~~~~~~~~~~~~~[m[K
[4.023s]       |   [32m[Kbase_to_laser_tf[m[K
[4.023s] [01m[K/home/kazuma/ros2_ws_2/ros2_main/src/lidar_vel/src/lidar_vel.cpp:[m[K At global scope:
[4.023s] [01m[K/home/kazuma/ros2_ws_2/ros2_main/src/lidar_vel/src/lidar_vel.cpp:291:6:[m[K [01;31m[Kerror: [m[Kâ€˜[01m[KLidarVel[m[Kâ€™ has not been declared
[4.023s]   291 | bool [01;31m[KLidarVel[m[K::processScan(LDP& curr_ldp_scan, const rclcpp::Time& time)
[4.023s]       |      [01;31m[K^~~~~~~~[m[K
[4.028s] [01m[K/home/kazuma/ros2_ws_2/ros2_main/src/lidar_vel/src/lidar_vel.cpp:[m[K In function â€˜[01m[Kbool processScan(laser_data*&, const rclcpp::Time&)[m[Kâ€™:
[4.028s] [01m[K/home/kazuma/ros2_ws_2/ros2_main/src/lidar_vel/src/lidar_vel.cpp:302:3:[m[K [01;31m[Kerror: [m[Kâ€˜[01m[Kprev_ldp_scan_[m[Kâ€™ was not declared in this scope
[4.028s]   302 |   [01;31m[Kprev_ldp_scan_[m[K->odometry[0] = 0.0;
[4.028s]       |   [01;31m[K^~~~~~~~~~~~~~[m[K
[4.031s] [01m[K/home/kazuma/ros2_ws_2/ros2_main/src/lidar_vel/src/lidar_vel.cpp:314:3:[m[K [01;31m[Kerror: [m[Kâ€˜[01m[Kinput_[m[Kâ€™ was not declared in this scope
[4.031s]   314 |   [01;31m[Kinput_[m[K.laser_ref = prev_ldp_scan_;
[4.031s]       |   [01;31m[K^~~~~~[m[K
[4.033s] [01m[K/home/kazuma/ros2_ws_2/ros2_main/src/lidar_vel/src/lidar_vel.cpp:322:16:[m[K [01;31m[Kerror: [m[Kâ€˜[01m[Know[m[Kâ€™ was not declared in this scope; did you mean â€˜[01m[Kpow[m[Kâ€™?
[4.034s]   322 |   double dt = ([01;31m[Know[m[K() - last_icp_time_).nanoseconds()/1e+9;
[4.034s]       |                [01;31m[K^~~[m[K
[4.034s]       |                [32m[Kpow[m[K
[4.040s] [01m[K/home/kazuma/ros2_ws_2/ros2_main/src/lidar_vel/src/lidar_vel.cpp:322:24:[m[K [01;31m[Kerror: [m[Kâ€˜[01m[Klast_icp_time_[m[Kâ€™ was not declared in this scope
[4.040s]   322 |   double dt = (now() - [01;31m[Klast_icp_time_[m[K).nanoseconds()/1e+9;
[4.040s]       |                        [01;31m[K^~~~~~~~~~~~~~[m[K
[4.052s] [01m[K/home/kazuma/ros2_ws_2/ros2_main/src/lidar_vel/src/lidar_vel.cpp:329:3:[m[K [01;31m[Kerror: [m[Kâ€˜[01m[KcreateTfFromXYTheta[m[Kâ€™ was not declared in this scope
[4.053s]   329 |   [01;31m[KcreateTfFromXYTheta[m[K(0.0,0.0,0.0, pr_ch);
[4.053s]       |   [01;31m[K^~~~~~~~~~~~~~~~~~~[m[K
[4.056s] [01m[K/home/kazuma/ros2_ws_2/ros2_main/src/lidar_vel/src/lidar_vel.cpp:333:20:[m[K [01;31m[Kerror: [m[Kâ€˜[01m[Kf2b_[m[Kâ€™ was not declared in this scope
[4.056s]   333 |   pr_ch = pr_ch * ([01;31m[Kf2b_[m[K * f2b_kf_.inverse());
[4.056s]       |                    [01;31m[K^~~~[m[K
[4.059s] [01m[K/home/kazuma/ros2_ws_2/ros2_main/src/lidar_vel/src/lidar_vel.cpp:333:27:[m[K [01;31m[Kerror: [m[Kâ€˜[01m[Kf2b_kf_[m[Kâ€™ was not declared in this scope
[4.059s]   333 |   pr_ch = pr_ch * (f2b_ * [01;31m[Kf2b_kf_[m[K.inverse());
[4.060s]       |                           [01;31m[K^~~~~~~[m[K
[4.066s] [01m[K/home/kazuma/ros2_ws_2/ros2_main/src/lidar_vel/src/lidar_vel.cpp:338:13:[m[K [01;31m[Kerror: [m[Kâ€˜[01m[Klaser_to_base_[m[Kâ€™ was not declared in this scope
[4.066s]   338 |   pr_ch_l = [01;31m[Klaser_to_base_[m[K * f2b_.inverse() * pr_ch * f2b_ * base_to_laser_ ;
[4.066s]       |             [01;31m[K^~~~~~~~~~~~~~[m[K
[4.073s] [01m[K/home/kazuma/ros2_ws_2/ros2_main/src/lidar_vel/src/lidar_vel.cpp:338:62:[m[K [01;31m[Kerror: [m[Kâ€˜[01m[Kbase_to_laser_[m[Kâ€™ was not declared in this scope
[4.073s]   338 |   pr_ch_l = laser_to_base_ * f2b_.inverse() * pr_ch * f2b_ * [01;31m[Kbase_to_laser_[m[K ;
[4.073s]       |                                                              [01;31m[K^~~~~~~~~~~~~~[m[K
[4.076s] [01m[K/home/kazuma/ros2_ws_2/ros2_main/src/lidar_vel/src/lidar_vel.cpp:345:7:[m[K [01;31m[Kerror: [m[Kâ€˜[01m[Koutput_[m[Kâ€™ was not declared in this scope
[4.077s]   345 |   if ([01;31m[Koutput_[m[K.cov_x_m)
[4.077s]       |       [01;31m[K^~~~~~~[m[K
[4.080s] [01m[K/home/kazuma/ros2_ws_2/ros2_main/src/lidar_vel/src/lidar_vel.cpp:350:7:[m[K [01;31m[Kerror: [m[Kâ€˜[01m[Koutput_[m[Kâ€™ was not declared in this scope
[4.081s]   350 |   if ([01;31m[Koutput_[m[K.dx_dy1_m)
[4.081s]       |       [01;31m[K^~~~~~~[m[K
[4.083s] [01m[K/home/kazuma/ros2_ws_2/ros2_main/src/lidar_vel/src/lidar_vel.cpp:355:7:[m[K [01;31m[Kerror: [m[Kâ€˜[01m[Koutput_[m[Kâ€™ was not declared in this scope
[4.083s]   355 |   if ([01;31m[Koutput_[m[K.dx_dy2_m)
[4.084s]       |       [01;31m[K^~~~~~~[m[K
[4.087s] [01m[K/home/kazuma/ros2_ws_2/ros2_main/src/lidar_vel/src/lidar_vel.cpp:363:20:[m[K [01;31m[Kerror: [m[Kâ€˜[01m[Koutput_[m[Kâ€™ was not declared in this scope
[4.087s]   363 |   sm_icp(&input_, &[01;31m[Koutput_[m[K);
[4.087s]       |                    [01;31m[K^~~~~~~[m[K
[4.089s] In file included from [01m[K/opt/ros/foxy/include/rclcpp/service.hpp:34[m[K,
[4.089s]                  from [01m[K/opt/ros/foxy/include/rclcpp/callback_group.hpp:25[m[K,
[4.089s]                  from [01m[K/opt/ros/foxy/include/rclcpp/any_executable.hpp:20[m[K,
[4.089s]                  from [01m[K/opt/ros/foxy/include/rclcpp/memory_strategy.hpp:24[m[K,
[4.089s]                  from [01m[K/opt/ros/foxy/include/rclcpp/memory_strategies.hpp:18[m[K,
[4.090s]                  from [01m[K/opt/ros/foxy/include/rclcpp/executor_options.hpp:20[m[K,
[4.090s]                  from [01m[K/opt/ros/foxy/include/rclcpp/executor.hpp:33[m[K,
[4.090s]                  from [01m[K/opt/ros/foxy/include/rclcpp/executors/multi_threaded_executor.hpp:26[m[K,
[4.090s]                  from [01m[K/opt/ros/foxy/include/rclcpp/executors.hpp:21[m[K,
[4.090s]                  from [01m[K/opt/ros/foxy/include/rclcpp/rclcpp.hpp:146[m[K,
[4.090s]                  from [01m[K/opt/ros/foxy/include/tf2_ros/transform_broadcaster.h:36[m[K,
[4.091s]                  from [01m[K/home/kazuma/ros2_ws_2/ros2_main/src/lidar_vel/include/lidar_vel/lidar_vel.h:7[m[K,
[4.091s]                  from [01m[K/home/kazuma/ros2_ws_2/ros2_main/src/lidar_vel/src/lidar_vel.cpp:1[m[K:
[4.091s] [01m[K/home/kazuma/ros2_ws_2/ros2_main/src/lidar_vel/src/lidar_vel.cpp:383:17:[m[K [01;31m[Kerror: [m[Kâ€˜[01m[Kget_logger[m[Kâ€™ was not declared in this scope; did you mean â€˜[01m[Krclcpp::get_logger[m[Kâ€™?
[4.091s]   383 |     RCLCPP_WARN([01;31m[Kget_logger[m[K(),"Error in scan matching");
[4.091s]       |                 [01;31m[K^~~~~~~~~~[m[K
[4.091s] In file included from [01m[K/opt/ros/foxy/include/rclcpp/logging.hpp:23[m[K,
[4.091s]                  from [01m[K/opt/ros/foxy/include/rclcpp/service.hpp:34[m[K,
[4.092s]                  from [01m[K/opt/ros/foxy/include/rclcpp/callback_group.hpp:25[m[K,
[4.092s]                  from [01m[K/opt/ros/foxy/include/rclcpp/any_executable.hpp:20[m[K,
[4.092s]                  from [01m[K/opt/ros/foxy/include/rclcpp/memory_strategy.hpp:24[m[K,
[4.092s]                  from [01m[K/opt/ros/foxy/include/rclcpp/memory_strategies.hpp:18[m[K,
[4.092s]                  from [01m[K/opt/ros/foxy/include/rclcpp/executor_options.hpp:20[m[K,
[4.092s]                  from [01m[K/opt/ros/foxy/include/rclcpp/executor.hpp:33[m[K,
[4.092s]                  from [01m[K/opt/ros/foxy/include/rclcpp/executors/multi_threaded_executor.hpp:26[m[K,
[4.093s]                  from [01m[K/opt/ros/foxy/include/rclcpp/executors.hpp:21[m[K,
[4.093s]                  from [01m[K/opt/ros/foxy/include/rclcpp/rclcpp.hpp:146[m[K,
[4.093s]                  from [01m[K/opt/ros/foxy/include/tf2_ros/transform_broadcaster.h:36[m[K,
[4.093s]                  from [01m[K/home/kazuma/ros2_ws_2/ros2_main/src/lidar_vel/include/lidar_vel/lidar_vel.h:7[m[K,
[4.093s]                  from [01m[K/home/kazuma/ros2_ws_2/ros2_main/src/lidar_vel/src/lidar_vel.cpp:1[m[K:
[4.094s] [01m[K/opt/ros/foxy/include/rclcpp/logger.hpp:80:17:[m[K [01;36m[Knote: [m[Kâ€˜[01m[Krclcpp::get_logger[m[Kâ€™ declared here
[4.094s]    80 |   friend Logger [01;36m[Krclcpp[m[K::get_logger(const std::string & name);
[4.094s]       |                 [01;36m[K^~~~~~[m[K
[4.094s] In file included from [01m[K/opt/ros/foxy/include/rclcpp/service.hpp:34[m[K,
[4.095s]                  from [01m[K/opt/ros/foxy/include/rclcpp/callback_group.hpp:25[m[K,
[4.095s]                  from [01m[K/opt/ros/foxy/include/rclcpp/any_executable.hpp:20[m[K,
[4.095s]                  from [01m[K/opt/ros/foxy/include/rclcpp/memory_strategy.hpp:24[m[K,
[4.095s]                  from [01m[K/opt/ros/foxy/include/rclcpp/memory_strategies.hpp:18[m[K,
[4.096s]                  from [01m[K/opt/ros/foxy/include/rclcpp/executor_options.hpp:20[m[K,
[4.096s]                  from [01m[K/opt/ros/foxy/include/rclcpp/executor.hpp:33[m[K,
[4.096s]                  from [01m[K/opt/ros/foxy/include/rclcpp/executors/multi_threaded_executor.hpp:26[m[K,
[4.096s]                  from [01m[K/opt/ros/foxy/include/rclcpp/executors.hpp:21[m[K,
[4.096s]                  from [01m[K/opt/ros/foxy/include/rclcpp/rclcpp.hpp:146[m[K,
[4.096s]                  from [01m[K/opt/ros/foxy/include/tf2_ros/transform_broadcaster.h:36[m[K,
[4.096s]                  from [01m[K/home/kazuma/ros2_ws_2/ros2_main/src/lidar_vel/include/lidar_vel/lidar_vel.h:7[m[K,
[4.097s]                  from [01m[K/home/kazuma/ros2_ws_2/ros2_main/src/lidar_vel/src/lidar_vel.cpp:1[m[K:
[4.097s] [01m[K/home/kazuma/ros2_ws_2/ros2_main/src/lidar_vel/src/lidar_vel.cpp:383:5:[m[K [01;31m[Kerror: [m[Ktemplate argument 1 is invalid
[4.097s]   383 |     [01;31m[KRCLCPP_WARN[m[K(get_logger(),"Error in scan matching");
[4.097s]       |     [01;31m[K^~~~~~~~~~~[m[K
[4.097s] [01m[K/home/kazuma/ros2_ws_2/ros2_main/src/lidar_vel/src/lidar_vel.cpp:383:5:[m[K [01;31m[Kerror: [m[Ktemplate argument 1 is invalid
[4.097s]   383 |     [01;31m[KRCLCPP_WARN[m[K(get_logger(),"Error in scan matching");
[4.098s]       |     [01;31m[K^~~~~~~~~~~[m[K
[4.098s] [01m[K/home/kazuma/ros2_ws_2/ros2_main/src/lidar_vel/src/lidar_vel.cpp:383:5:[m[K [01;31m[Kerror: [m[Ktemplate argument 1 is invalid
[4.098s]   383 |     [01;31m[KRCLCPP_WARN[m[K(get_logger(),"Error in scan matching");
[4.098s]       |     [01;31m[K^~~~~~~~~~~[m[K
[4.098s] [01m[K/home/kazuma/ros2_ws_2/ros2_main/src/lidar_vel/src/lidar_vel.cpp:392:26:[m[K [01;31m[Kerror: [m[Kâ€˜[01m[Kprev_f2b_[m[Kâ€™ was not declared in this scope
[4.098s]   392 |   auto pose_difference = [01;31m[Kprev_f2b_[m[K.inverse() * f2b_;
[4.099s]       |                          [01;31m[K^~~~~~~~~[m[K
[4.100s] [01m[K/home/kazuma/ros2_ws_2/ros2_main/src/lidar_vel/src/lidar_vel.cpp:399:3:[m[K [01;31m[Kerror: [m[Kâ€˜[01m[Kvel_publisher_[m[Kâ€™ was not declared in this scope; did you mean â€˜[01m[Krcl_publisher_t[m[Kâ€™?
[4.100s]   399 |   [01;31m[Kvel_publisher_[m[K->publish(lidar_vel);
[4.100s]       |   [01;31m[K^~~~~~~~~~~~~~[m[K
[4.101s]       |   [32m[Krcl_publisher_t[m[K
[4.101s] [01m[K/home/kazuma/ros2_ws_2/ros2_main/src/lidar_vel/src/lidar_vel.cpp:[m[K At global scope:
[4.101s] [01m[K/home/kazuma/ros2_ws_2/ros2_main/src/lidar_vel/src/lidar_vel.cpp:403:3:[m[K [01;31m[Kerror: [m[Kexpected unqualified-id before â€˜[01m[Kif[m[Kâ€™
[4.101s]   403 |   [01;31m[Kif[m[K (publish_tf_)
[4.102s]       |   [01;31m[K^~[m[K
[4.102s] [01m[K/home/kazuma/ros2_ws_2/ros2_main/src/lidar_vel/src/lidar_vel.cpp:422:3:[m[K [01;31m[Kerror: [m[Kexpected unqualified-id before â€˜[01m[Kif[m[Kâ€™
[4.102s]   422 |   [01;31m[Kif[m[K (newKeyframeNeeded(corr_ch))
[4.102s]       |   [01;31m[K^~[m[K
[4.103s] [01m[K/home/kazuma/ros2_ws_2/ros2_main/src/lidar_vel/src/lidar_vel.cpp:430:3:[m[K [01;31m[Kerror: [m[Kexpected unqualified-id before â€˜[01m[Kelse[m[Kâ€™
[4.103s]   430 |   [01;31m[Kelse[m[K
[4.103s]       |   [01;31m[K^~~~[m[K
[4.107s] [01m[K/home/kazuma/ros2_ws_2/ros2_main/src/lidar_vel/src/lidar_vel.cpp:435:3:[m[K [01;31m[Kerror: [m[Kâ€˜[01m[Klast_icp_time_[m[Kâ€™ does not name a type
[4.108s]   435 |   [01;31m[Klast_icp_time_[m[K = now();
[4.108s]       |   [01;31m[K^~~~~~~~~~~~~~[m[K
[4.108s] [01m[K/home/kazuma/ros2_ws_2/ros2_main/src/lidar_vel/src/lidar_vel.cpp:436:3:[m[K [01;31m[Kerror: [m[Kexpected unqualified-id before â€˜[01m[Kreturn[m[Kâ€™
[4.108s]   436 |   [01;31m[Kreturn[m[K true;
[4.108s]       |   [01;31m[K^~~~~~[m[K
[4.108s] [01m[K/home/kazuma/ros2_ws_2/ros2_main/src/lidar_vel/src/lidar_vel.cpp:437:1:[m[K [01;31m[Kerror: [m[Kexpected declaration before â€˜[01m[K}[m[Kâ€™ token
[4.109s]   437 | [01;31m[K}[m[K
[4.109s]       | [01;31m[K^[m[K
[4.109s] [01m[K/home/kazuma/ros2_ws_2/ros2_main/src/lidar_vel/src/lidar_vel.cpp:439:6:[m[K [01;31m[Kerror: [m[Kâ€˜[01m[KLidarVel[m[Kâ€™ has not been declared
[4.109s]   439 | bool [01;31m[KLidarVel[m[K::newKeyframeNeeded(const tf2::Transform& d)
[4.109s]       |      [01;31m[K^~~~~~~~[m[K
[4.117s] [01m[K/home/kazuma/ros2_ws_2/ros2_main/src/lidar_vel/src/lidar_vel.cpp:[m[K In function â€˜[01m[Kbool newKeyframeNeeded(const tf2::Transform&)[m[Kâ€™:
[4.118s] [01m[K/home/kazuma/ros2_ws_2/ros2_main/src/lidar_vel/src/lidar_vel.cpp:441:44:[m[K [01;31m[Kerror: [m[Kâ€˜[01m[Kkf_dist_angular_[m[Kâ€™ was not declared in this scope
[4.118s]   441 |   if (fabs(tf2::getYaw(d.getRotation())) > [01;31m[Kkf_dist_angular_[m[K)
[4.118s]       |                                            [01;31m[K^~~~~~~~~~~~~~~~[m[K
[4.130s] [01m[K/home/kazuma/ros2_ws_2/ros2_main/src/lidar_vel/src/lidar_vel.cpp:446:23:[m[K [01;31m[Kerror: [m[Kâ€˜[01m[Kkf_dist_linear_sq_[m[Kâ€™ was not declared in this scope
[4.131s]   446 |   if (x * x + y * y > [01;31m[Kkf_dist_linear_sq_[m[K)
[4.131s]       |                       [01;31m[K^~~~~~~~~~~~~~~~~~[m[K
[4.131s] [01m[K/home/kazuma/ros2_ws_2/ros2_main/src/lidar_vel/src/lidar_vel.cpp:[m[K At global scope:
[4.132s] [01m[K/home/kazuma/ros2_ws_2/ros2_main/src/lidar_vel/src/lidar_vel.cpp:452:6:[m[K [01;31m[Kerror: [m[Kâ€˜[01m[KLidarVel[m[Kâ€™ has not been declared
[4.132s]   452 | void [01;31m[KLidarVel[m[K::laserScanToLDP(const sensor_msgs::msg::LaserScan::SharedPtr& scan, LDP& ldp)
[4.132s]       |      [01;31m[K^~~~~~~~[m[K
[4.132s] [01m[K/home/kazuma/ros2_ws_2/ros2_main/src/lidar_vel/src/lidar_vel.cpp:488:6:[m[K [01;31m[Kerror: [m[Kâ€˜[01m[KLidarVel[m[Kâ€™ has not been declared
[4.132s]   488 | void [01;31m[KLidarVel[m[K::createTfFromXYTheta(double x, double y, double theta, tf2::Transform& t)
[4.132s]       |      [01;31m[K^~~~~~~~[m[K
[4.132s] [01m[K/home/kazuma/ros2_ws_2/ros2_main/src/lidar_vel/src/lidar_vel.cpp:496:1:[m[K [01;31m[Kerror: [m[Kexpected declaration before â€˜[01m[K}[m[Kâ€™ token
[4.133s]   496 | [01;31m[K}[m[K  // namespace lidar_vel
[4.133s]       | [01;31m[K^[m[K
[6.815s] [01m[K/home/kazuma/ros2_ws_2/ros2_main/src/lidar_vel/src/lidar_vel.cpp:[m[K In function â€˜[01m[Kbool processScan(laser_data*&, const rclcpp::Time&)[m[Kâ€™:
[6.816s] [01m[K/home/kazuma/ros2_ws_2/ros2_main/src/lidar_vel/src/lidar_vel.cpp:400:3:[m[K [01;35m[Kwarning: [m[Kcontrol reaches end of non-void function [[01;35m[K-Wreturn-type[m[K]
[6.816s]   400 |   [01;35m[K}[m[K
[6.816s]       |   [01;35m[K^[m[K
[6.862s] make[2]: *** [CMakeFiles/lidar_vel.dir/build.make:63: CMakeFiles/lidar_vel.dir/src/lidar_vel.cpp.o] Error 1
[6.863s] make[1]: *** [CMakeFiles/Makefile2:78: CMakeFiles/lidar_vel.dir/all] Error 2
[6.863s] make: *** [Makefile:141: all] Error 2
[6.865s] Invoked command in '/home/kazuma/ros2_ws_2/ros2_main/build/lidar_vel' returned '2': AMENT_PREFIX_PATH=/home/kazuma/ros2_ws_2/ros2_main/install/csm:${AMENT_PREFIX_PATH} CMAKE_PREFIX_PATH=/home/kazuma/ros2_ws_2/ros2_main/install/csm:/home/kazuma/ros2_ws/install/tutorial_topic:/home/kazuma/ros2_ws/install/tutorial_package:/home/kazuma/ros2_ws/install/turtlebot3_simulations:/home/kazuma/ros2_ws/install/turtlebot3_gazebo:/home/kazuma/ros2_ws/install/turtlebot3_fake_node:/home/kazuma/ros2_ws/install/nav2_system_tests:/home/kazuma/ros2_ws/install/nav2_bringup:/home/kazuma/ros2_ws/install/navigation2:/home/kazuma/ros2_ws/install/smac_planner:/home/kazuma/ros2_ws/install/slam_toolbox:/home/kazuma/ros2_ws/install/nav2_dwb_controller:/home/kazuma/ros2_ws/install/nav2_controller:/home/kazuma/ros2_ws/install/dwb_plugins:/home/kazuma/ros2_ws/install/dwb_critics:/home/kazuma/ros2_ws/install/dwb_core:/home/kazuma/ros2_ws/install/nav_2d_utils:/home/kazuma/ros2_ws/install/dwb_msgs:/home/kazuma/ros2_ws/install/nav_2d_msgs:/home/kazuma/ros2_ws/install/nav2_waypoint_follower:/home/kazuma/ros2_ws/install/nav2_regulated_pure_pursuit_controller:/home/kazuma/ros2_ws/install/nav2_recoveries:/home/kazuma/ros2_ws/install/nav2_planner:/home/kazuma/ros2_ws/install/nav2_navfn_planner:/home/kazuma/ros2_ws/install/nav2_core:/home/kazuma/ros2_ws/install/costmap_queue:/home/kazuma/ros2_ws/install/nav2_costmap_2d:/home/kazuma/ros2_ws/install/nav2_voxel_grid:/home/kazuma/ros2_ws/install/nav2_rviz_plugins:/home/kazuma/ros2_ws/install/nav2_map_server:/home/kazuma/ros2_ws/install/nav2_lifecycle_manager:/home/kazuma/ros2_ws/install/nav2_bt_navigator:/home/kazuma/ros2_ws/install/nav2_behavior_tree:/home/kazuma/ros2_ws/install/nav2_amcl:/home/kazuma/ros2_ws/install/nav2_util:/home/kazuma/ros2_ws/install/nav2_common:/home/kazuma/ros2_ws_2/install/urg:/home/kazuma/ros2_ws_2/install/urdf_tutorial:/home/kazuma/ros2_ws_2/install/turtlebot3_msgs:/home/kazuma/ros2_ws_2/install/turtlebot3_gazebo:/home/kazuma/ros2_ws_2/install/turtlebot3_description:/home/kazuma/ros2_ws_2/install/turtlebot3_cartographer:/home/kazuma/ros2_ws_2/install/nav2_system_tests:/home/kazuma/ros2_ws_2/install/nav2_bringup:/home/kazuma/ros2_ws_2/install/navigation2:/home/kazuma/ros2_ws_2/install/smac_planner:/home/kazuma/ros2_ws_2/install/slam_toolbox:/home/kazuma/ros2_ws_2/install/send_goal_2:/home/kazuma/ros2_ws_2/install/send_goal:/home/kazuma/ros2_ws_2/install/nav2_dwb_controller:/home/kazuma/ros2_ws_2/install/nav2_controller:/home/kazuma/ros2_ws_2/install/dwb_plugins:/home/kazuma/ros2_ws_2/install/dwb_critics:/home/kazuma/ros2_ws_2/install/dwb_core:/home/kazuma/ros2_ws_2/install/nav_2d_utils:/home/kazuma/ros2_ws_2/install/dwb_msgs:/home/kazuma/ros2_ws_2/install/nav_2d_msgs:/home/kazuma/ros2_ws_2/install/nav2_waypoint_follower:/home/kazuma/ros2_ws_2/install/nav2_regulated_pure_pursuit_controller:/home/kazuma/ros2_ws_2/install/nav2_recoveries:/home/kazuma/ros2_ws_2/install/nav2_planner:/home/kazuma/ros2_ws_2/install/nav2_navfn_planner:/home/kazuma/ros2_ws_2/install/nav2_core:/home/kazuma/ros2_ws_2/install/costmap_queue:/home/kazuma/ros2_ws_2/install/nav2_costmap_2d:/home/kazuma/ros2_ws_2/install/nav2_voxel_grid:/home/kazuma/ros2_ws_2/install/nav2_rviz_plugins:/home/kazuma/ros2_ws_2/install/nav2_map_server:/home/kazuma/ros2_ws_2/install/nav2_lifecycle_manager:/home/kazuma/ros2_ws_2/install/nav2_bt_navigator:/home/kazuma/ros2_ws_2/install/nav2_behavior_tree:/home/kazuma/ros2_ws_2/install/nav2_amcl:/home/kazuma/ros2_ws_2/install/nav2_util:/home/kazuma/ros2_ws_2/install/nav2_msgs:/home/kazuma/ros2_ws_2/install/nav2_common:/home/kazuma/ros2_ws_2/install/dynamixel_sdk_examples:/home/kazuma/ros2_ws_2/install/dynamixel_sdk_custom_interfaces:/home/kazuma/ros2_ws_2/install/dynamixel_sdk:/home/kazuma/ros2_ws/install/nav2_msgs:/home/kazuma/ros2_ws/install/nav2_gazebo_spawner:/home/kazuma/ros2_ws_2/install/turtlebot3_teleop:/home/kazuma/ros2_ws_2/install/turtlebot3_example:/home/kazuma/ros2_ws_2/install/nav2_gazebo_spawner:/opt/ros/foxy LD_LIBRARY_PATH=/home/kazuma/ros2_ws_2/ros2_main/install/csm/lib:${LD_LIBRARY_PATH} /usr/bin/cmake --build /home/kazuma/ros2_ws_2/ros2_main/build/lidar_vel -- -j8 -l8
