[0.158s] Invoking command in '/home/kazuma/ros2_ws_2/ros2_main/build/lidar_vel': AMENT_PREFIX_PATH=/home/kazuma/ros2_ws_2/ros2_main/install/csm:${AMENT_PREFIX_PATH} CMAKE_PREFIX_PATH=/home/kazuma/ros2_ws_2/ros2_main/install/csm:/home/kazuma/ros2_ws/install/tutorial_topic:/home/kazuma/ros2_ws/install/tutorial_package:/home/kazuma/ros2_ws/install/turtlebot3_simulations:/home/kazuma/ros2_ws/install/turtlebot3_gazebo:/home/kazuma/ros2_ws/install/turtlebot3_fake_node:/home/kazuma/ros2_ws/install/nav2_system_tests:/home/kazuma/ros2_ws/install/nav2_bringup:/home/kazuma/ros2_ws/install/navigation2:/home/kazuma/ros2_ws/install/smac_planner:/home/kazuma/ros2_ws/install/slam_toolbox:/home/kazuma/ros2_ws/install/nav2_dwb_controller:/home/kazuma/ros2_ws/install/nav2_controller:/home/kazuma/ros2_ws/install/dwb_plugins:/home/kazuma/ros2_ws/install/dwb_critics:/home/kazuma/ros2_ws/install/dwb_core:/home/kazuma/ros2_ws/install/nav_2d_utils:/home/kazuma/ros2_ws/install/dwb_msgs:/home/kazuma/ros2_ws/install/nav_2d_msgs:/home/kazuma/ros2_ws/install/nav2_waypoint_follower:/home/kazuma/ros2_ws/install/nav2_regulated_pure_pursuit_controller:/home/kazuma/ros2_ws/install/nav2_recoveries:/home/kazuma/ros2_ws/install/nav2_planner:/home/kazuma/ros2_ws/install/nav2_navfn_planner:/home/kazuma/ros2_ws/install/nav2_core:/home/kazuma/ros2_ws/install/costmap_queue:/home/kazuma/ros2_ws/install/nav2_costmap_2d:/home/kazuma/ros2_ws/install/nav2_voxel_grid:/home/kazuma/ros2_ws/install/nav2_rviz_plugins:/home/kazuma/ros2_ws/install/nav2_map_server:/home/kazuma/ros2_ws/install/nav2_lifecycle_manager:/home/kazuma/ros2_ws/install/nav2_bt_navigator:/home/kazuma/ros2_ws/install/nav2_behavior_tree:/home/kazuma/ros2_ws/install/nav2_amcl:/home/kazuma/ros2_ws/install/nav2_util:/home/kazuma/ros2_ws/install/nav2_common:/home/kazuma/ros2_ws_2/install/urg:/home/kazuma/ros2_ws_2/install/urdf_tutorial:/home/kazuma/ros2_ws_2/install/turtlebot3_msgs:/home/kazuma/ros2_ws_2/install/turtlebot3_gazebo:/home/kazuma/ros2_ws_2/install/turtlebot3_description:/home/kazuma/ros2_ws_2/install/turtlebot3_cartographer:/home/kazuma/ros2_ws_2/install/nav2_system_tests:/home/kazuma/ros2_ws_2/install/nav2_bringup:/home/kazuma/ros2_ws_2/install/navigation2:/home/kazuma/ros2_ws_2/install/smac_planner:/home/kazuma/ros2_ws_2/install/slam_toolbox:/home/kazuma/ros2_ws_2/install/send_goal_2:/home/kazuma/ros2_ws_2/install/send_goal:/home/kazuma/ros2_ws_2/install/nav2_dwb_controller:/home/kazuma/ros2_ws_2/install/nav2_controller:/home/kazuma/ros2_ws_2/install/dwb_plugins:/home/kazuma/ros2_ws_2/install/dwb_critics:/home/kazuma/ros2_ws_2/install/dwb_core:/home/kazuma/ros2_ws_2/install/nav_2d_utils:/home/kazuma/ros2_ws_2/install/dwb_msgs:/home/kazuma/ros2_ws_2/install/nav_2d_msgs:/home/kazuma/ros2_ws_2/install/nav2_waypoint_follower:/home/kazuma/ros2_ws_2/install/nav2_regulated_pure_pursuit_controller:/home/kazuma/ros2_ws_2/install/nav2_recoveries:/home/kazuma/ros2_ws_2/install/nav2_planner:/home/kazuma/ros2_ws_2/install/nav2_navfn_planner:/home/kazuma/ros2_ws_2/install/nav2_core:/home/kazuma/ros2_ws_2/install/costmap_queue:/home/kazuma/ros2_ws_2/install/nav2_costmap_2d:/home/kazuma/ros2_ws_2/install/nav2_voxel_grid:/home/kazuma/ros2_ws_2/install/nav2_rviz_plugins:/home/kazuma/ros2_ws_2/install/nav2_map_server:/home/kazuma/ros2_ws_2/install/nav2_lifecycle_manager:/home/kazuma/ros2_ws_2/install/nav2_bt_navigator:/home/kazuma/ros2_ws_2/install/nav2_behavior_tree:/home/kazuma/ros2_ws_2/install/nav2_amcl:/home/kazuma/ros2_ws_2/install/nav2_util:/home/kazuma/ros2_ws_2/install/nav2_msgs:/home/kazuma/ros2_ws_2/install/nav2_common:/home/kazuma/ros2_ws_2/install/dynamixel_sdk_examples:/home/kazuma/ros2_ws_2/install/dynamixel_sdk_custom_interfaces:/home/kazuma/ros2_ws_2/install/dynamixel_sdk:/home/kazuma/ros2_ws/install/nav2_msgs:/home/kazuma/ros2_ws/install/nav2_gazebo_spawner:/home/kazuma/ros2_ws_2/install/turtlebot3_teleop:/home/kazuma/ros2_ws_2/install/turtlebot3_example:/home/kazuma/ros2_ws_2/install/nav2_gazebo_spawner:/opt/ros/foxy LD_LIBRARY_PATH=/home/kazuma/ros2_ws_2/ros2_main/install/csm/lib:${LD_LIBRARY_PATH} /usr/bin/cmake --build /home/kazuma/ros2_ws_2/ros2_main/build/lidar_vel -- -j8 -l8
[0.219s] [35m[1mScanning dependencies of target lidar_vel[0m
[0.265s] [ 50%] [32mBuilding CXX object CMakeFiles/lidar_vel.dir/src/lidar_vel.cpp.o[0m
[3.790s] [01m[K/home/kazuma/ros2_ws_2/ros2_main/src/lidar_vel/src/lidar_vel.cpp:211:1:[m[K [01;31m[Kerror: [m[Kâ€˜[01m[KLidarVel[m[Kâ€™ does not name a type
[3.790s]   211 | [01;31m[KLidarVel[m[K::~LidarVel()
[3.791s]       | [01;31m[K^~~~~~~~[m[K
[3.791s] [01m[K/home/kazuma/ros2_ws_2/ros2_main/src/lidar_vel/src/lidar_vel.cpp:216:6:[m[K [01;31m[Kerror: [m[Kâ€˜[01m[KLidarVel[m[Kâ€™ has not been declared
[3.791s]   216 | void [01;31m[KLidarVel[m[K::createCache (const sensor_msgs::msg::LaserScan::SharedPtr& scan_msg)
[3.791s]       |      [01;31m[K^~~~~~~~[m[K
[3.793s] [01m[K/home/kazuma/ros2_ws_2/ros2_main/src/lidar_vel/src/lidar_vel.cpp:[m[K In function â€˜[01m[Kvoid createCache(const SharedPtr&)[m[Kâ€™:
[3.793s] [01m[K/home/kazuma/ros2_ws_2/ros2_main/src/lidar_vel/src/lidar_vel.cpp:218:3:[m[K [01;31m[Kerror: [m[Kâ€˜[01m[Ka_cos_[m[Kâ€™ was not declared in this scope; did you mean â€˜[01m[Kacosl[m[Kâ€™?
[3.794s]   218 |   [01;31m[Ka_cos_[m[K.clear();
[3.794s]       |   [01;31m[K^~~~~~[m[K
[3.794s]       |   [32m[Kacosl[m[K
[3.796s] [01m[K/home/kazuma/ros2_ws_2/ros2_main/src/lidar_vel/src/lidar_vel.cpp:219:3:[m[K [01;31m[Kerror: [m[Kâ€˜[01m[Ka_sin_[m[Kâ€™ was not declared in this scope; did you mean â€˜[01m[Kasinl[m[Kâ€™?
[3.796s]   219 |   [01;31m[Ka_sin_[m[K.clear();
[3.797s]       |   [01;31m[K^~~~~~[m[K
[3.797s]       |   [32m[Kasinl[m[K
[3.802s] [01m[K/home/kazuma/ros2_ws_2/ros2_main/src/lidar_vel/src/lidar_vel.cpp:228:3:[m[K [01;31m[Kerror: [m[Kâ€˜[01m[Kinput_[m[Kâ€™ was not declared in this scope
[3.802s]   228 |   [01;31m[Kinput_[m[K.min_reading = scan_msg->range_min;
[3.803s]       |   [01;31m[K^~~~~~[m[K
[3.803s] [01m[K/home/kazuma/ros2_ws_2/ros2_main/src/lidar_vel/src/lidar_vel.cpp:[m[K At global scope:
[3.803s] [01m[K/home/kazuma/ros2_ws_2/ros2_main/src/lidar_vel/src/lidar_vel.cpp:233:6:[m[K [01;31m[Kerror: [m[Kâ€˜[01m[KLidarVel[m[Kâ€™ has not been declared
[3.803s]   233 | void [01;31m[KLidarVel[m[K::scanCallback(const sensor_msgs::msg::LaserScan::SharedPtr scan_msg)
[3.804s]       |      [01;31m[K^~~~~~~~[m[K
[3.809s] [01m[K/home/kazuma/ros2_ws_2/ros2_main/src/lidar_vel/src/lidar_vel.cpp:[m[K In function â€˜[01m[Kvoid scanCallback(sensor_msgs::msg::LaserScan_<std::allocator<void> >::SharedPtr)[m[Kâ€™:
[3.809s] [01m[K/home/kazuma/ros2_ws_2/ros2_main/src/lidar_vel/src/lidar_vel.cpp:237:8:[m[K [01;31m[Kerror: [m[Kâ€˜[01m[Kinitialized_[m[Kâ€™ was not declared in this scope
[3.809s]   237 |   if (![01;31m[Kinitialized_[m[K)
[3.810s]       |        [01;31m[K^~~~~~~~~~~~[m[K
[3.814s] [01m[K/home/kazuma/ros2_ws_2/ros2_main/src/lidar_vel/src/lidar_vel.cpp:242:27:[m[K [01;31m[Kerror: [m[Kâ€˜[01m[Klaser_frame_[m[Kâ€™ was not declared in this scope
[3.814s]   242 |     if (!getBaseToLaserTf([01;31m[Klaser_frame_[m[K))
[3.815s]       |                           [01;31m[K^~~~~~~~~~~~[m[K
[3.826s] [01m[K/home/kazuma/ros2_ws_2/ros2_main/src/lidar_vel/src/lidar_vel.cpp:242:10:[m[K [01;31m[Kerror: [m[Kâ€˜[01m[KgetBaseToLaserTf[m[Kâ€™ was not declared in this scope
[3.826s]   242 |     if (![01;31m[KgetBaseToLaserTf[m[K(laser_frame_))
[3.826s]       |          [01;31m[K^~~~~~~~~~~~~~~~[m[K
[3.827s] In file included from [01m[K/opt/ros/foxy/include/rclcpp/service.hpp:34[m[K,
[3.828s]                  from [01m[K/opt/ros/foxy/include/rclcpp/callback_group.hpp:25[m[K,
[3.828s]                  from [01m[K/opt/ros/foxy/include/rclcpp/any_executable.hpp:20[m[K,
[3.828s]                  from [01m[K/opt/ros/foxy/include/rclcpp/memory_strategy.hpp:24[m[K,
[3.828s]                  from [01m[K/opt/ros/foxy/include/rclcpp/memory_strategies.hpp:18[m[K,
[3.828s]                  from [01m[K/opt/ros/foxy/include/rclcpp/executor_options.hpp:20[m[K,
[3.829s]                  from [01m[K/opt/ros/foxy/include/rclcpp/executor.hpp:33[m[K,
[3.829s]                  from [01m[K/opt/ros/foxy/include/rclcpp/executors/multi_threaded_executor.hpp:26[m[K,
[3.829s]                  from [01m[K/opt/ros/foxy/include/rclcpp/executors.hpp:21[m[K,
[3.829s]                  from [01m[K/opt/ros/foxy/include/rclcpp/rclcpp.hpp:146[m[K,
[3.829s]                  from [01m[K/opt/ros/foxy/include/tf2_ros/transform_broadcaster.h:36[m[K,
[3.829s]                  from [01m[K/home/kazuma/ros2_ws_2/ros2_main/src/lidar_vel/include/lidar_vel/lidar_vel.h:7[m[K,
[3.829s]                  from [01m[K/home/kazuma/ros2_ws_2/ros2_main/src/lidar_vel/src/lidar_vel.cpp:1[m[K:
[3.830s] [01m[K/home/kazuma/ros2_ws_2/ros2_main/src/lidar_vel/src/lidar_vel.cpp:244:19:[m[K [01;31m[Kerror: [m[Kâ€˜[01m[Kget_logger[m[Kâ€™ was not declared in this scope; did you mean â€˜[01m[Krclcpp::get_logger[m[Kâ€™?
[3.830s]   244 |       RCLCPP_WARN([01;31m[Kget_logger[m[K(),"Skipping scan");
[3.830s]       |                   [01;31m[K^~~~~~~~~~[m[K
[3.830s] In file included from [01m[K/opt/ros/foxy/include/rclcpp/logging.hpp:23[m[K,
[3.830s]                  from [01m[K/opt/ros/foxy/include/rclcpp/service.hpp:34[m[K,
[3.830s]                  from [01m[K/opt/ros/foxy/include/rclcpp/callback_group.hpp:25[m[K,
[3.830s]                  from [01m[K/opt/ros/foxy/include/rclcpp/any_executable.hpp:20[m[K,
[3.831s]                  from [01m[K/opt/ros/foxy/include/rclcpp/memory_strategy.hpp:24[m[K,
[3.831s]                  from [01m[K/opt/ros/foxy/include/rclcpp/memory_strategies.hpp:18[m[K,
[3.831s]                  from [01m[K/opt/ros/foxy/include/rclcpp/executor_options.hpp:20[m[K,
[3.831s]                  from [01m[K/opt/ros/foxy/include/rclcpp/executor.hpp:33[m[K,
[3.831s]                  from [01m[K/opt/ros/foxy/include/rclcpp/executors/multi_threaded_executor.hpp:26[m[K,
[3.831s]                  from [01m[K/opt/ros/foxy/include/rclcpp/executors.hpp:21[m[K,
[3.832s]                  from [01m[K/opt/ros/foxy/include/rclcpp/rclcpp.hpp:146[m[K,
[3.832s]                  from [01m[K/opt/ros/foxy/include/tf2_ros/transform_broadcaster.h:36[m[K,
[3.832s]                  from [01m[K/home/kazuma/ros2_ws_2/ros2_main/src/lidar_vel/include/lidar_vel/lidar_vel.h:7[m[K,
[3.832s]                  from [01m[K/home/kazuma/ros2_ws_2/ros2_main/src/lidar_vel/src/lidar_vel.cpp:1[m[K:
[3.832s] [01m[K/opt/ros/foxy/include/rclcpp/logger.hpp:80:17:[m[K [01;36m[Knote: [m[Kâ€˜[01m[Krclcpp::get_logger[m[Kâ€™ declared here
[3.832s]    80 |   friend Logger [01;36m[Krclcpp[m[K::get_logger(const std::string & name);
[3.832s]       |                 [01;36m[K^~~~~~[m[K
[3.833s] In file included from [01m[K/opt/ros/foxy/include/rclcpp/service.hpp:34[m[K,
[3.833s]                  from [01m[K/opt/ros/foxy/include/rclcpp/callback_group.hpp:25[m[K,
[3.833s]                  from [01m[K/opt/ros/foxy/include/rclcpp/any_executable.hpp:20[m[K,
[3.833s]                  from [01m[K/opt/ros/foxy/include/rclcpp/memory_strategy.hpp:24[m[K,
[3.833s]                  from [01m[K/opt/ros/foxy/include/rclcpp/memory_strategies.hpp:18[m[K,
[3.833s]                  from [01m[K/opt/ros/foxy/include/rclcpp/executor_options.hpp:20[m[K,
[3.834s]                  from [01m[K/opt/ros/foxy/include/rclcpp/executor.hpp:33[m[K,
[3.834s]                  from [01m[K/opt/ros/foxy/include/rclcpp/executors/multi_threaded_executor.hpp:26[m[K,
[3.834s]                  from [01m[K/opt/ros/foxy/include/rclcpp/executors.hpp:21[m[K,
[3.834s]                  from [01m[K/opt/ros/foxy/include/rclcpp/rclcpp.hpp:146[m[K,
[3.834s]                  from [01m[K/opt/ros/foxy/include/tf2_ros/transform_broadcaster.h:36[m[K,
[3.835s]                  from [01m[K/home/kazuma/ros2_ws_2/ros2_main/src/lidar_vel/include/lidar_vel/lidar_vel.h:7[m[K,
[3.835s]                  from [01m[K/home/kazuma/ros2_ws_2/ros2_main/src/lidar_vel/src/lidar_vel.cpp:1[m[K:
[3.835s] [01m[K/home/kazuma/ros2_ws_2/ros2_main/src/lidar_vel/src/lidar_vel.cpp:244:7:[m[K [01;31m[Kerror: [m[Ktemplate argument 1 is invalid
[3.835s]   244 |       [01;31m[KRCLCPP_WARN[m[K(get_logger(),"Skipping scan");
[3.835s]       |       [01;31m[K^~~~~~~~~~~[m[K
[3.835s] [01m[K/home/kazuma/ros2_ws_2/ros2_main/src/lidar_vel/src/lidar_vel.cpp:244:7:[m[K [01;31m[Kerror: [m[Ktemplate argument 1 is invalid
[3.835s]   244 |       [01;31m[KRCLCPP_WARN[m[K(get_logger(),"Skipping scan");
[3.836s]       |       [01;31m[K^~~~~~~~~~~[m[K
[3.836s] [01m[K/home/kazuma/ros2_ws_2/ros2_main/src/lidar_vel/src/lidar_vel.cpp:244:7:[m[K [01;31m[Kerror: [m[Ktemplate argument 1 is invalid
[3.836s]   244 |       [01;31m[KRCLCPP_WARN[m[K(get_logger(),"Skipping scan");
[3.836s]       |       [01;31m[K^~~~~~~~~~~[m[K
[3.838s] [01m[K/home/kazuma/ros2_ws_2/ros2_main/src/lidar_vel/src/lidar_vel.cpp:248:30:[m[K [01;31m[Kerror: [m[Kâ€˜[01m[Kprev_ldp_scan_[m[Kâ€™ was not declared in this scope
[3.839s]   248 |     laserScanToLDP(scan_msg, [01;31m[Kprev_ldp_scan_[m[K);
[3.839s]       |                              [01;31m[K^~~~~~~~~~~~~~[m[K
[3.846s] [01m[K/home/kazuma/ros2_ws_2/ros2_main/src/lidar_vel/src/lidar_vel.cpp:248:5:[m[K [01;31m[Kerror: [m[Kâ€˜[01m[KlaserScanToLDP[m[Kâ€™ was not declared in this scope
[3.847s]   248 |     [01;31m[KlaserScanToLDP[m[K(scan_msg, prev_ldp_scan_);
[3.847s]       |     [01;31m[K^~~~~~~~~~~~~~[m[K
[3.853s] [01m[K/home/kazuma/ros2_ws_2/ros2_main/src/lidar_vel/src/lidar_vel.cpp:249:5:[m[K [01;31m[Kerror: [m[Kâ€˜[01m[Klast_icp_time_[m[Kâ€™ was not declared in this scope
[3.853s]   249 |     [01;31m[Klast_icp_time_[m[K = scan_msg->header.stamp;
[3.853s]       |     [01;31m[K^~~~~~~~~~~~~~[m[K
[3.860s] [01m[K/home/kazuma/ros2_ws_2/ros2_main/src/lidar_vel/src/lidar_vel.cpp:254:3:[m[K [01;31m[Kerror: [m[Kâ€˜[01m[KlaserScanToLDP[m[Kâ€™ was not declared in this scope
[3.861s]   254 |   [01;31m[KlaserScanToLDP[m[K(scan_msg, curr_ldp_scan);
[3.861s]       |   [01;31m[K^~~~~~~~~~~~~~[m[K
[3.865s] [01m[K/home/kazuma/ros2_ws_2/ros2_main/src/lidar_vel/src/lidar_vel.cpp:255:3:[m[K [01;31m[Kerror: [m[Kâ€˜[01m[KprocessScan[m[Kâ€™ was not declared in this scope
[3.866s]   255 |   [01;31m[KprocessScan[m[K(curr_ldp_scan, scan_msg->header.stamp);
[3.866s]       |   [01;31m[K^~~~~~~~~~~[m[K
[3.866s] [01m[K/home/kazuma/ros2_ws_2/ros2_main/src/lidar_vel/src/lidar_vel.cpp:[m[K At global scope:
[3.866s] [01m[K/home/kazuma/ros2_ws_2/ros2_main/src/lidar_vel/src/lidar_vel.cpp:258:6:[m[K [01;31m[Kerror: [m[Kâ€˜[01m[KLidarVel[m[Kâ€™ has not been declared
[3.866s]   258 | bool [01;31m[KLidarVel[m[K::getBaseToLaserTf (const std::string& frame_id)
[3.866s]       |      [01;31m[K^~~~~~~~[m[K
[3.868s] [01m[K/home/kazuma/ros2_ws_2/ros2_main/src/lidar_vel/src/lidar_vel.cpp:[m[K In function â€˜[01m[Kbool getBaseToLaserTf(const string&)[m[Kâ€™:
[3.869s] [01m[K/home/kazuma/ros2_ws_2/ros2_main/src/lidar_vel/src/lidar_vel.cpp:260:20:[m[K [01;31m[Kerror: [m[Kâ€˜[01m[Know[m[Kâ€™ was not declared in this scope; did you mean â€˜[01m[Kpow[m[Kâ€™?
[3.869s]   260 |   rclcpp::Time t = [01;31m[Know[m[K();
[3.869s]       |                    [01;31m[K^~~[m[K
[3.869s]       |                    [32m[Kpow[m[K
[3.872s] [01m[K/home/kazuma/ros2_ws_2/ros2_main/src/lidar_vel/src/lidar_vel.cpp:266:24:[m[K [01;31m[Kerror: [m[Kâ€˜[01m[Ktf_buffer_[m[Kâ€™ was not declared in this scope
[3.872s]   266 |       laser_pose_msg = [01;31m[Ktf_buffer_[m[K->lookupTransform(base_frame_, frame_id, t,rclcpp::Duration(10));
[3.873s]       |                        [01;31m[K^~~~~~~~~~[m[K
[3.876s] [01m[K/home/kazuma/ros2_ws_2/ros2_main/src/lidar_vel/src/lidar_vel.cpp:266:52:[m[K [01;31m[Kerror: [m[Kâ€˜[01m[Kbase_frame_[m[Kâ€™ was not declared in this scope; did you mean â€˜[01m[Kbasename[m[Kâ€™?
[3.876s]   266 |       laser_pose_msg = tf_buffer_->lookupTransform([01;31m[Kbase_frame_[m[K, frame_id, t,rclcpp::Duration(10));
[3.877s]       |                                                    [01;31m[K^~~~~~~~~~~[m[K
[3.877s]       |                                                    [32m[Kbasename[m[K
[3.878s] In file included from [01m[K/opt/ros/foxy/include/rclcpp/service.hpp:34[m[K,
[3.878s]                  from [01m[K/opt/ros/foxy/include/rclcpp/callback_group.hpp:25[m[K,
[3.879s]                  from [01m[K/opt/ros/foxy/include/rclcpp/any_executable.hpp:20[m[K,
[3.879s]                  from [01m[K/opt/ros/foxy/include/rclcpp/memory_strategy.hpp:24[m[K,
[3.879s]                  from [01m[K/opt/ros/foxy/include/rclcpp/memory_strategies.hpp:18[m[K,
[3.879s]                  from [01m[K/opt/ros/foxy/include/rclcpp/executor_options.hpp:20[m[K,
[3.879s]                  from [01m[K/opt/ros/foxy/include/rclcpp/executor.hpp:33[m[K,
[3.879s]                  from [01m[K/opt/ros/foxy/include/rclcpp/executors/multi_threaded_executor.hpp:26[m[K,
[3.880s]                  from [01m[K/opt/ros/foxy/include/rclcpp/executors.hpp:21[m[K,
[3.880s]                  from [01m[K/opt/ros/foxy/include/rclcpp/rclcpp.hpp:146[m[K,
[3.880s]                  from [01m[K/opt/ros/foxy/include/tf2_ros/transform_broadcaster.h:36[m[K,
[3.880s]                  from [01m[K/home/kazuma/ros2_ws_2/ros2_main/src/lidar_vel/include/lidar_vel/lidar_vel.h:7[m[K,
[3.880s]                  from [01m[K/home/kazuma/ros2_ws_2/ros2_main/src/lidar_vel/src/lidar_vel.cpp:1[m[K:
[3.881s] [01m[K/home/kazuma/ros2_ws_2/ros2_main/src/lidar_vel/src/lidar_vel.cpp:279:17:[m[K [01;31m[Kerror: [m[Kâ€˜[01m[Kget_logger[m[Kâ€™ was not declared in this scope; did you mean â€˜[01m[Krclcpp::get_logger[m[Kâ€™?
[3.881s]   279 |     RCLCPP_INFO([01;31m[Kget_logger[m[K(),"Could not get initial transform from base to laser frame, %s", ex.what());
[3.881s]       |                 [01;31m[K^~~~~~~~~~[m[K
[3.881s] In file included from [01m[K/opt/ros/foxy/include/rclcpp/logging.hpp:23[m[K,
[3.881s]                  from [01m[K/opt/ros/foxy/include/rclcpp/service.hpp:34[m[K,
[3.881s]                  from [01m[K/opt/ros/foxy/include/rclcpp/callback_group.hpp:25[m[K,
[3.881s]                  from [01m[K/opt/ros/foxy/include/rclcpp/any_executable.hpp:20[m[K,
[3.881s]                  from [01m[K/opt/ros/foxy/include/rclcpp/memory_strategy.hpp:24[m[K,
[3.881s]                  from [01m[K/opt/ros/foxy/include/rclcpp/memory_strategies.hpp:18[m[K,
[3.881s]                  from [01m[K/opt/ros/foxy/include/rclcpp/executor_options.hpp:20[m[K,
[3.882s]                  from [01m[K/opt/ros/foxy/include/rclcpp/executor.hpp:33[m[K,
[3.882s]                  from [01m[K/opt/ros/foxy/include/rclcpp/executors/multi_threaded_executor.hpp:26[m[K,
[3.882s]                  from [01m[K/opt/ros/foxy/include/rclcpp/executors.hpp:21[m[K,
[3.882s]                  from [01m[K/opt/ros/foxy/include/rclcpp/rclcpp.hpp:146[m[K,
[3.882s]                  from [01m[K/opt/ros/foxy/include/tf2_ros/transform_broadcaster.h:36[m[K,
[3.882s]                  from [01m[K/home/kazuma/ros2_ws_2/ros2_main/src/lidar_vel/include/lidar_vel/lidar_vel.h:7[m[K,
[3.883s]                  from [01m[K/home/kazuma/ros2_ws_2/ros2_main/src/lidar_vel/src/lidar_vel.cpp:1[m[K:
[3.883s] [01m[K/opt/ros/foxy/include/rclcpp/logger.hpp:80:17:[m[K [01;36m[Knote: [m[Kâ€˜[01m[Krclcpp::get_logger[m[Kâ€™ declared here
[3.883s]    80 |   friend Logger [01;36m[Krclcpp[m[K::get_logger(const std::string & name);
[3.883s]       |                 [01;36m[K^~~~~~[m[K
[3.883s] In file included from [01m[K/opt/ros/foxy/include/rclcpp/service.hpp:34[m[K,
[3.883s]                  from [01m[K/opt/ros/foxy/include/rclcpp/callback_group.hpp:25[m[K,
[3.884s]                  from [01m[K/opt/ros/foxy/include/rclcpp/any_executable.hpp:20[m[K,
[3.884s]                  from [01m[K/opt/ros/foxy/include/rclcpp/memory_strategy.hpp:24[m[K,
[3.884s]                  from [01m[K/opt/ros/foxy/include/rclcpp/memory_strategies.hpp:18[m[K,
[3.884s]                  from [01m[K/opt/ros/foxy/include/rclcpp/executor_options.hpp:20[m[K,
[3.884s]                  from [01m[K/opt/ros/foxy/include/rclcpp/executor.hpp:33[m[K,
[3.885s]                  from [01m[K/opt/ros/foxy/include/rclcpp/executors/multi_threaded_executor.hpp:26[m[K,
[3.885s]                  from [01m[K/opt/ros/foxy/include/rclcpp/executors.hpp:21[m[K,
[3.885s]                  from [01m[K/opt/ros/foxy/include/rclcpp/rclcpp.hpp:146[m[K,
[3.885s]                  from [01m[K/opt/ros/foxy/include/tf2_ros/transform_broadcaster.h:36[m[K,
[3.885s]                  from [01m[K/home/kazuma/ros2_ws_2/ros2_main/src/lidar_vel/include/lidar_vel/lidar_vel.h:7[m[K,
[3.885s]                  from [01m[K/home/kazuma/ros2_ws_2/ros2_main/src/lidar_vel/src/lidar_vel.cpp:1[m[K:
[3.886s] [01m[K/home/kazuma/ros2_ws_2/ros2_main/src/lidar_vel/src/lidar_vel.cpp:279:5:[m[K [01;31m[Kerror: [m[Ktemplate argument 1 is invalid
[3.886s]   279 |     [01;31m[KRCLCPP_INFO[m[K(get_logger(),"Could not get initial transform from base to laser frame, %s", ex.what());
[3.886s]       |     [01;31m[K^~~~~~~~~~~[m[K
[3.886s] [01m[K/home/kazuma/ros2_ws_2/ros2_main/src/lidar_vel/src/lidar_vel.cpp:279:5:[m[K [01;31m[Kerror: [m[Ktemplate argument 1 is invalid
[3.886s]   279 |     [01;31m[KRCLCPP_INFO[m[K(get_logger(),"Could not get initial transform from base to laser frame, %s", ex.what());
[3.887s]       |     [01;31m[K^~~~~~~~~~~[m[K
[3.887s] [01m[K/home/kazuma/ros2_ws_2/ros2_main/src/lidar_vel/src/lidar_vel.cpp:279:5:[m[K [01;31m[Kerror: [m[Ktemplate argument 1 is invalid
[3.887s]   279 |     [01;31m[KRCLCPP_INFO[m[K(get_logger(),"Could not get initial transform from base to laser frame, %s", ex.what());
[3.887s]       |     [01;31m[K^~~~~~~~~~~[m[K
[3.887s] [01m[K/home/kazuma/ros2_ws_2/ros2_main/src/lidar_vel/src/lidar_vel.cpp:283:3:[m[K [01;31m[Kerror: [m[Kâ€˜[01m[Kbase_to_laser_[m[Kâ€™ was not declared in this scope; did you mean â€˜[01m[Kbase_to_laser_tf[m[Kâ€™?
[3.887s]   283 |   [01;31m[Kbase_to_laser_[m[K = base_to_laser_tf;
[3.888s]       |   [01;31m[K^~~~~~~~~~~~~~[m[K
[3.888s]       |   [32m[Kbase_to_laser_tf[m[K
[3.889s] [01m[K/home/kazuma/ros2_ws_2/ros2_main/src/lidar_vel/src/lidar_vel.cpp:284:3:[m[K [01;31m[Kerror: [m[Kâ€˜[01m[Klaser_to_base_[m[Kâ€™ was not declared in this scope; did you mean â€˜[01m[Kbase_to_laser_tf[m[Kâ€™?
[3.889s]   284 |   [01;31m[Klaser_to_base_[m[K = base_to_laser_.inverse();
[3.889s]       |   [01;31m[K^~~~~~~~~~~~~~[m[K
[3.890s]       |   [32m[Kbase_to_laser_tf[m[K
[3.890s] [01m[K/home/kazuma/ros2_ws_2/ros2_main/src/lidar_vel/src/lidar_vel.cpp:[m[K At global scope:
[3.890s] [01m[K/home/kazuma/ros2_ws_2/ros2_main/src/lidar_vel/src/lidar_vel.cpp:290:6:[m[K [01;31m[Kerror: [m[Kâ€˜[01m[KLidarVel[m[Kâ€™ has not been declared
[3.890s]   290 | bool [01;31m[KLidarVel[m[K::processScan(LDP& curr_ldp_scan, const rclcpp::Time& time)
[3.891s]       |      [01;31m[K^~~~~~~~[m[K
[3.895s] [01m[K/home/kazuma/ros2_ws_2/ros2_main/src/lidar_vel/src/lidar_vel.cpp:[m[K In function â€˜[01m[Kbool processScan(laser_data*&, const rclcpp::Time&)[m[Kâ€™:
[3.896s] [01m[K/home/kazuma/ros2_ws_2/ros2_main/src/lidar_vel/src/lidar_vel.cpp:301:3:[m[K [01;31m[Kerror: [m[Kâ€˜[01m[Kprev_ldp_scan_[m[Kâ€™ was not declared in this scope
[3.896s]   301 |   [01;31m[Kprev_ldp_scan_[m[K->odometry[0] = 0.0;
[3.896s]       |   [01;31m[K^~~~~~~~~~~~~~[m[K
[3.898s] [01m[K/home/kazuma/ros2_ws_2/ros2_main/src/lidar_vel/src/lidar_vel.cpp:313:3:[m[K [01;31m[Kerror: [m[Kâ€˜[01m[Kinput_[m[Kâ€™ was not declared in this scope
[3.899s]   313 |   [01;31m[Kinput_[m[K.laser_ref = prev_ldp_scan_;
[3.899s]       |   [01;31m[K^~~~~~[m[K
[3.901s] [01m[K/home/kazuma/ros2_ws_2/ros2_main/src/lidar_vel/src/lidar_vel.cpp:321:16:[m[K [01;31m[Kerror: [m[Kâ€˜[01m[Know[m[Kâ€™ was not declared in this scope; did you mean â€˜[01m[Kpow[m[Kâ€™?
[3.901s]   321 |   double dt = ([01;31m[Know[m[K() - last_icp_time_).nanoseconds()/1e+9;
[3.901s]       |                [01;31m[K^~~[m[K
[3.902s]       |                [32m[Kpow[m[K
[3.907s] [01m[K/home/kazuma/ros2_ws_2/ros2_main/src/lidar_vel/src/lidar_vel.cpp:321:24:[m[K [01;31m[Kerror: [m[Kâ€˜[01m[Klast_icp_time_[m[Kâ€™ was not declared in this scope
[3.908s]   321 |   double dt = (now() - [01;31m[Klast_icp_time_[m[K).nanoseconds()/1e+9;
[3.908s]       |                        [01;31m[K^~~~~~~~~~~~~~[m[K
[3.920s] [01m[K/home/kazuma/ros2_ws_2/ros2_main/src/lidar_vel/src/lidar_vel.cpp:328:3:[m[K [01;31m[Kerror: [m[Kâ€˜[01m[KcreateTfFromXYTheta[m[Kâ€™ was not declared in this scope
[3.921s]   328 |   [01;31m[KcreateTfFromXYTheta[m[K(0.0,0.0,0.0, pr_ch);
[3.921s]       |   [01;31m[K^~~~~~~~~~~~~~~~~~~[m[K
[3.924s] [01m[K/home/kazuma/ros2_ws_2/ros2_main/src/lidar_vel/src/lidar_vel.cpp:332:20:[m[K [01;31m[Kerror: [m[Kâ€˜[01m[Kf2b_[m[Kâ€™ was not declared in this scope
[3.925s]   332 |   pr_ch = pr_ch * ([01;31m[Kf2b_[m[K * f2b_kf_.inverse());
[3.925s]       |                    [01;31m[K^~~~[m[K
[3.929s] [01m[K/home/kazuma/ros2_ws_2/ros2_main/src/lidar_vel/src/lidar_vel.cpp:332:27:[m[K [01;31m[Kerror: [m[Kâ€˜[01m[Kf2b_kf_[m[Kâ€™ was not declared in this scope
[3.929s]   332 |   pr_ch = pr_ch * (f2b_ * [01;31m[Kf2b_kf_[m[K.inverse());
[3.929s]       |                           [01;31m[K^~~~~~~[m[K
[3.935s] [01m[K/home/kazuma/ros2_ws_2/ros2_main/src/lidar_vel/src/lidar_vel.cpp:337:13:[m[K [01;31m[Kerror: [m[Kâ€˜[01m[Klaser_to_base_[m[Kâ€™ was not declared in this scope
[3.935s]   337 |   pr_ch_l = [01;31m[Klaser_to_base_[m[K * f2b_.inverse() * pr_ch * f2b_ * base_to_laser_ ;
[3.936s]       |             [01;31m[K^~~~~~~~~~~~~~[m[K
[3.945s] [01m[K/home/kazuma/ros2_ws_2/ros2_main/src/lidar_vel/src/lidar_vel.cpp:337:62:[m[K [01;31m[Kerror: [m[Kâ€˜[01m[Kbase_to_laser_[m[Kâ€™ was not declared in this scope
[3.945s]   337 |   pr_ch_l = laser_to_base_ * f2b_.inverse() * pr_ch * f2b_ * [01;31m[Kbase_to_laser_[m[K ;
[3.946s]       |                                                              [01;31m[K^~~~~~~~~~~~~~[m[K
[3.949s] [01m[K/home/kazuma/ros2_ws_2/ros2_main/src/lidar_vel/src/lidar_vel.cpp:344:7:[m[K [01;31m[Kerror: [m[Kâ€˜[01m[Koutput_[m[Kâ€™ was not declared in this scope
[3.949s]   344 |   if ([01;31m[Koutput_[m[K.cov_x_m)
[3.949s]       |       [01;31m[K^~~~~~~[m[K
[3.952s] [01m[K/home/kazuma/ros2_ws_2/ros2_main/src/lidar_vel/src/lidar_vel.cpp:349:7:[m[K [01;31m[Kerror: [m[Kâ€˜[01m[Koutput_[m[Kâ€™ was not declared in this scope
[3.952s]   349 |   if ([01;31m[Koutput_[m[K.dx_dy1_m)
[3.952s]       |       [01;31m[K^~~~~~~[m[K
[3.955s] [01m[K/home/kazuma/ros2_ws_2/ros2_main/src/lidar_vel/src/lidar_vel.cpp:354:7:[m[K [01;31m[Kerror: [m[Kâ€˜[01m[Koutput_[m[Kâ€™ was not declared in this scope
[3.956s]   354 |   if ([01;31m[Koutput_[m[K.dx_dy2_m)
[3.956s]       |       [01;31m[K^~~~~~~[m[K
[3.960s] [01m[K/home/kazuma/ros2_ws_2/ros2_main/src/lidar_vel/src/lidar_vel.cpp:362:20:[m[K [01;31m[Kerror: [m[Kâ€˜[01m[Koutput_[m[Kâ€™ was not declared in this scope
[3.960s]   362 |   sm_icp(&input_, &[01;31m[Koutput_[m[K);
[3.960s]       |                    [01;31m[K^~~~~~~[m[K
[3.961s] In file included from [01m[K/opt/ros/foxy/include/rclcpp/service.hpp:34[m[K,
[3.962s]                  from [01m[K/opt/ros/foxy/include/rclcpp/callback_group.hpp:25[m[K,
[3.962s]                  from [01m[K/opt/ros/foxy/include/rclcpp/any_executable.hpp:20[m[K,
[3.962s]                  from [01m[K/opt/ros/foxy/include/rclcpp/memory_strategy.hpp:24[m[K,
[3.962s]                  from [01m[K/opt/ros/foxy/include/rclcpp/memory_strategies.hpp:18[m[K,
[3.963s]                  from [01m[K/opt/ros/foxy/include/rclcpp/executor_options.hpp:20[m[K,
[3.963s]                  from [01m[K/opt/ros/foxy/include/rclcpp/executor.hpp:33[m[K,
[3.963s]                  from [01m[K/opt/ros/foxy/include/rclcpp/executors/multi_threaded_executor.hpp:26[m[K,
[3.963s]                  from [01m[K/opt/ros/foxy/include/rclcpp/executors.hpp:21[m[K,
[3.963s]                  from [01m[K/opt/ros/foxy/include/rclcpp/rclcpp.hpp:146[m[K,
[3.963s]                  from [01m[K/opt/ros/foxy/include/tf2_ros/transform_broadcaster.h:36[m[K,
[3.964s]                  from [01m[K/home/kazuma/ros2_ws_2/ros2_main/src/lidar_vel/include/lidar_vel/lidar_vel.h:7[m[K,
[3.964s]                  from [01m[K/home/kazuma/ros2_ws_2/ros2_main/src/lidar_vel/src/lidar_vel.cpp:1[m[K:
[3.964s] [01m[K/home/kazuma/ros2_ws_2/ros2_main/src/lidar_vel/src/lidar_vel.cpp:382:17:[m[K [01;31m[Kerror: [m[Kâ€˜[01m[Kget_logger[m[Kâ€™ was not declared in this scope; did you mean â€˜[01m[Krclcpp::get_logger[m[Kâ€™?
[3.964s]   382 |     RCLCPP_WARN([01;31m[Kget_logger[m[K(),"Error in scan matching");
[3.964s]       |                 [01;31m[K^~~~~~~~~~[m[K
[3.965s] In file included from [01m[K/opt/ros/foxy/include/rclcpp/logging.hpp:23[m[K,
[3.965s]                  from [01m[K/opt/ros/foxy/include/rclcpp/service.hpp:34[m[K,
[3.965s]                  from [01m[K/opt/ros/foxy/include/rclcpp/callback_group.hpp:25[m[K,
[3.965s]                  from [01m[K/opt/ros/foxy/include/rclcpp/any_executable.hpp:20[m[K,
[3.965s]                  from [01m[K/opt/ros/foxy/include/rclcpp/memory_strategy.hpp:24[m[K,
[3.965s]                  from [01m[K/opt/ros/foxy/include/rclcpp/memory_strategies.hpp:18[m[K,
[3.966s]                  from [01m[K/opt/ros/foxy/include/rclcpp/executor_options.hpp:20[m[K,
[3.966s]                  from [01m[K/opt/ros/foxy/include/rclcpp/executor.hpp:33[m[K,
[3.966s]                  from [01m[K/opt/ros/foxy/include/rclcpp/executors/multi_threaded_executor.hpp:26[m[K,
[3.966s]                  from [01m[K/opt/ros/foxy/include/rclcpp/executors.hpp:21[m[K,
[3.967s]                  from [01m[K/opt/ros/foxy/include/rclcpp/rclcpp.hpp:146[m[K,
[3.967s]                  from [01m[K/opt/ros/foxy/include/tf2_ros/transform_broadcaster.h:36[m[K,
[3.967s]                  from [01m[K/home/kazuma/ros2_ws_2/ros2_main/src/lidar_vel/include/lidar_vel/lidar_vel.h:7[m[K,
[3.967s]                  from [01m[K/home/kazuma/ros2_ws_2/ros2_main/src/lidar_vel/src/lidar_vel.cpp:1[m[K:
[3.967s] [01m[K/opt/ros/foxy/include/rclcpp/logger.hpp:80:17:[m[K [01;36m[Knote: [m[Kâ€˜[01m[Krclcpp::get_logger[m[Kâ€™ declared here
[3.967s]    80 |   friend Logger [01;36m[Krclcpp[m[K::get_logger(const std::string & name);
[3.968s]       |                 [01;36m[K^~~~~~[m[K
[3.968s] In file included from [01m[K/opt/ros/foxy/include/rclcpp/service.hpp:34[m[K,
[3.968s]                  from [01m[K/opt/ros/foxy/include/rclcpp/callback_group.hpp:25[m[K,
[3.968s]                  from [01m[K/opt/ros/foxy/include/rclcpp/any_executable.hpp:20[m[K,
[3.968s]                  from [01m[K/opt/ros/foxy/include/rclcpp/memory_strategy.hpp:24[m[K,
[3.969s]                  from [01m[K/opt/ros/foxy/include/rclcpp/memory_strategies.hpp:18[m[K,
[3.969s]                  from [01m[K/opt/ros/foxy/include/rclcpp/executor_options.hpp:20[m[K,
[3.969s]                  from [01m[K/opt/ros/foxy/include/rclcpp/executor.hpp:33[m[K,
[3.969s]                  from [01m[K/opt/ros/foxy/include/rclcpp/executors/multi_threaded_executor.hpp:26[m[K,
[3.969s]                  from [01m[K/opt/ros/foxy/include/rclcpp/executors.hpp:21[m[K,
[3.970s]                  from [01m[K/opt/ros/foxy/include/rclcpp/rclcpp.hpp:146[m[K,
[3.970s]                  from [01m[K/opt/ros/foxy/include/tf2_ros/transform_broadcaster.h:36[m[K,
[3.970s]                  from [01m[K/home/kazuma/ros2_ws_2/ros2_main/src/lidar_vel/include/lidar_vel/lidar_vel.h:7[m[K,
[3.971s]                  from [01m[K/home/kazuma/ros2_ws_2/ros2_main/src/lidar_vel/src/lidar_vel.cpp:1[m[K:
[3.971s] [01m[K/home/kazuma/ros2_ws_2/ros2_main/src/lidar_vel/src/lidar_vel.cpp:382:5:[m[K [01;31m[Kerror: [m[Ktemplate argument 1 is invalid
[3.971s]   382 |     [01;31m[KRCLCPP_WARN[m[K(get_logger(),"Error in scan matching");
[3.971s]       |     [01;31m[K^~~~~~~~~~~[m[K
[3.971s] [01m[K/home/kazuma/ros2_ws_2/ros2_main/src/lidar_vel/src/lidar_vel.cpp:382:5:[m[K [01;31m[Kerror: [m[Ktemplate argument 1 is invalid
[3.971s]   382 |     [01;31m[KRCLCPP_WARN[m[K(get_logger(),"Error in scan matching");
[3.972s]       |     [01;31m[K^~~~~~~~~~~[m[K
[3.972s] [01m[K/home/kazuma/ros2_ws_2/ros2_main/src/lidar_vel/src/lidar_vel.cpp:382:5:[m[K [01;31m[Kerror: [m[Ktemplate argument 1 is invalid
[3.973s]   382 |     [01;31m[KRCLCPP_WARN[m[K(get_logger(),"Error in scan matching");
[3.973s]       |     [01;31m[K^~~~~~~~~~~[m[K
[3.973s] [01m[K/home/kazuma/ros2_ws_2/ros2_main/src/lidar_vel/src/lidar_vel.cpp:391:26:[m[K [01;31m[Kerror: [m[Kâ€˜[01m[Kprev_f2b_[m[Kâ€™ was not declared in this scope
[3.973s]   391 |   auto pose_difference = [01;31m[Kprev_f2b_[m[K.inverse() * f2b_;
[3.973s]       |                          [01;31m[K^~~~~~~~~[m[K
[3.973s] [01m[K/home/kazuma/ros2_ws_2/ros2_main/src/lidar_vel/src/lidar_vel.cpp:398:3:[m[K [01;31m[Kerror: [m[Kâ€˜[01m[Kvel_publisher_[m[Kâ€™ was not declared in this scope; did you mean â€˜[01m[Krcl_publisher_t[m[Kâ€™?
[3.973s]   398 |   [01;31m[Kvel_publisher_[m[K->publish(lidar_vel);
[3.974s]       |   [01;31m[K^~~~~~~~~~~~~~[m[K
[3.974s]       |   [32m[Krcl_publisher_t[m[K
[3.974s] [01m[K/home/kazuma/ros2_ws_2/ros2_main/src/lidar_vel/src/lidar_vel.cpp:[m[K At global scope:
[3.974s] [01m[K/home/kazuma/ros2_ws_2/ros2_main/src/lidar_vel/src/lidar_vel.cpp:402:3:[m[K [01;31m[Kerror: [m[Kexpected unqualified-id before â€˜[01m[Kif[m[Kâ€™
[3.974s]   402 |   [01;31m[Kif[m[K (publish_tf_)
[3.974s]       |   [01;31m[K^~[m[K
[3.974s] [01m[K/home/kazuma/ros2_ws_2/ros2_main/src/lidar_vel/src/lidar_vel.cpp:421:3:[m[K [01;31m[Kerror: [m[Kexpected unqualified-id before â€˜[01m[Kif[m[Kâ€™
[3.974s]   421 |   [01;31m[Kif[m[K (newKeyframeNeeded(corr_ch))
[3.975s]       |   [01;31m[K^~[m[K
[3.975s] [01m[K/home/kazuma/ros2_ws_2/ros2_main/src/lidar_vel/src/lidar_vel.cpp:429:3:[m[K [01;31m[Kerror: [m[Kexpected unqualified-id before â€˜[01m[Kelse[m[Kâ€™
[3.975s]   429 |   [01;31m[Kelse[m[K
[3.975s]       |   [01;31m[K^~~~[m[K
[3.978s] [01m[K/home/kazuma/ros2_ws_2/ros2_main/src/lidar_vel/src/lidar_vel.cpp:434:3:[m[K [01;31m[Kerror: [m[Kâ€˜[01m[Klast_icp_time_[m[Kâ€™ does not name a type
[3.978s]   434 |   [01;31m[Klast_icp_time_[m[K = now();
[3.979s]       |   [01;31m[K^~~~~~~~~~~~~~[m[K
[3.979s] [01m[K/home/kazuma/ros2_ws_2/ros2_main/src/lidar_vel/src/lidar_vel.cpp:435:3:[m[K [01;31m[Kerror: [m[Kexpected unqualified-id before â€˜[01m[Kreturn[m[Kâ€™
[3.979s]   435 |   [01;31m[Kreturn[m[K true;
[3.979s]       |   [01;31m[K^~~~~~[m[K
[3.979s] [01m[K/home/kazuma/ros2_ws_2/ros2_main/src/lidar_vel/src/lidar_vel.cpp:436:1:[m[K [01;31m[Kerror: [m[Kexpected declaration before â€˜[01m[K}[m[Kâ€™ token
[3.980s]   436 | [01;31m[K}[m[K
[3.980s]       | [01;31m[K^[m[K
[3.980s] [01m[K/home/kazuma/ros2_ws_2/ros2_main/src/lidar_vel/src/lidar_vel.cpp:438:6:[m[K [01;31m[Kerror: [m[Kâ€˜[01m[KLidarVel[m[Kâ€™ has not been declared
[3.980s]   438 | bool [01;31m[KLidarVel[m[K::newKeyframeNeeded(const tf2::Transform& d)
[3.980s]       |      [01;31m[K^~~~~~~~[m[K
[3.988s] [01m[K/home/kazuma/ros2_ws_2/ros2_main/src/lidar_vel/src/lidar_vel.cpp:[m[K In function â€˜[01m[Kbool newKeyframeNeeded(const tf2::Transform&)[m[Kâ€™:
[3.988s] [01m[K/home/kazuma/ros2_ws_2/ros2_main/src/lidar_vel/src/lidar_vel.cpp:440:44:[m[K [01;31m[Kerror: [m[Kâ€˜[01m[Kkf_dist_angular_[m[Kâ€™ was not declared in this scope
[3.988s]   440 |   if (fabs(tf2::getYaw(d.getRotation())) > [01;31m[Kkf_dist_angular_[m[K)
[3.989s]       |                                            [01;31m[K^~~~~~~~~~~~~~~~[m[K
[3.999s] [01m[K/home/kazuma/ros2_ws_2/ros2_main/src/lidar_vel/src/lidar_vel.cpp:445:23:[m[K [01;31m[Kerror: [m[Kâ€˜[01m[Kkf_dist_linear_sq_[m[Kâ€™ was not declared in this scope
[3.999s]   445 |   if (x * x + y * y > [01;31m[Kkf_dist_linear_sq_[m[K)
[3.999s]       |                       [01;31m[K^~~~~~~~~~~~~~~~~~[m[K
[4.000s] [01m[K/home/kazuma/ros2_ws_2/ros2_main/src/lidar_vel/src/lidar_vel.cpp:[m[K At global scope:
[4.000s] [01m[K/home/kazuma/ros2_ws_2/ros2_main/src/lidar_vel/src/lidar_vel.cpp:451:6:[m[K [01;31m[Kerror: [m[Kâ€˜[01m[KLidarVel[m[Kâ€™ has not been declared
[4.000s]   451 | void [01;31m[KLidarVel[m[K::laserScanToLDP(const sensor_msgs::msg::LaserScan::SharedPtr& scan, LDP& ldp)
[4.000s]       |      [01;31m[K^~~~~~~~[m[K
[4.000s] [01m[K/home/kazuma/ros2_ws_2/ros2_main/src/lidar_vel/src/lidar_vel.cpp:487:6:[m[K [01;31m[Kerror: [m[Kâ€˜[01m[KLidarVel[m[Kâ€™ has not been declared
[4.001s]   487 | void [01;31m[KLidarVel[m[K::createTfFromXYTheta(double x, double y, double theta, tf2::Transform& t)
[4.001s]       |      [01;31m[K^~~~~~~~[m[K
[4.001s] [01m[K/home/kazuma/ros2_ws_2/ros2_main/src/lidar_vel/src/lidar_vel.cpp:495:1:[m[K [01;31m[Kerror: [m[Kexpected declaration before â€˜[01m[K}[m[Kâ€™ token
[4.001s]   495 | [01;31m[K}[m[K  // namespace lidar_vel
[4.001s]       | [01;31m[K^[m[K
[6.619s] [01m[K/home/kazuma/ros2_ws_2/ros2_main/src/lidar_vel/src/lidar_vel.cpp:[m[K In function â€˜[01m[Kbool processScan(laser_data*&, const rclcpp::Time&)[m[Kâ€™:
[6.619s] [01m[K/home/kazuma/ros2_ws_2/ros2_main/src/lidar_vel/src/lidar_vel.cpp:399:3:[m[K [01;35m[Kwarning: [m[Kcontrol reaches end of non-void function [[01;35m[K-Wreturn-type[m[K]
[6.619s]   399 |   [01;35m[K}[m[K
[6.620s]       |   [01;35m[K^[m[K
[6.665s] make[2]: *** [CMakeFiles/lidar_vel.dir/build.make:63: CMakeFiles/lidar_vel.dir/src/lidar_vel.cpp.o] Error 1
[6.666s] make[1]: *** [CMakeFiles/Makefile2:78: CMakeFiles/lidar_vel.dir/all] Error 2
[6.666s] make: *** [Makefile:141: all] Error 2
[6.672s] Invoked command in '/home/kazuma/ros2_ws_2/ros2_main/build/lidar_vel' returned '2': AMENT_PREFIX_PATH=/home/kazuma/ros2_ws_2/ros2_main/install/csm:${AMENT_PREFIX_PATH} CMAKE_PREFIX_PATH=/home/kazuma/ros2_ws_2/ros2_main/install/csm:/home/kazuma/ros2_ws/install/tutorial_topic:/home/kazuma/ros2_ws/install/tutorial_package:/home/kazuma/ros2_ws/install/turtlebot3_simulations:/home/kazuma/ros2_ws/install/turtlebot3_gazebo:/home/kazuma/ros2_ws/install/turtlebot3_fake_node:/home/kazuma/ros2_ws/install/nav2_system_tests:/home/kazuma/ros2_ws/install/nav2_bringup:/home/kazuma/ros2_ws/install/navigation2:/home/kazuma/ros2_ws/install/smac_planner:/home/kazuma/ros2_ws/install/slam_toolbox:/home/kazuma/ros2_ws/install/nav2_dwb_controller:/home/kazuma/ros2_ws/install/nav2_controller:/home/kazuma/ros2_ws/install/dwb_plugins:/home/kazuma/ros2_ws/install/dwb_critics:/home/kazuma/ros2_ws/install/dwb_core:/home/kazuma/ros2_ws/install/nav_2d_utils:/home/kazuma/ros2_ws/install/dwb_msgs:/home/kazuma/ros2_ws/install/nav_2d_msgs:/home/kazuma/ros2_ws/install/nav2_waypoint_follower:/home/kazuma/ros2_ws/install/nav2_regulated_pure_pursuit_controller:/home/kazuma/ros2_ws/install/nav2_recoveries:/home/kazuma/ros2_ws/install/nav2_planner:/home/kazuma/ros2_ws/install/nav2_navfn_planner:/home/kazuma/ros2_ws/install/nav2_core:/home/kazuma/ros2_ws/install/costmap_queue:/home/kazuma/ros2_ws/install/nav2_costmap_2d:/home/kazuma/ros2_ws/install/nav2_voxel_grid:/home/kazuma/ros2_ws/install/nav2_rviz_plugins:/home/kazuma/ros2_ws/install/nav2_map_server:/home/kazuma/ros2_ws/install/nav2_lifecycle_manager:/home/kazuma/ros2_ws/install/nav2_bt_navigator:/home/kazuma/ros2_ws/install/nav2_behavior_tree:/home/kazuma/ros2_ws/install/nav2_amcl:/home/kazuma/ros2_ws/install/nav2_util:/home/kazuma/ros2_ws/install/nav2_common:/home/kazuma/ros2_ws_2/install/urg:/home/kazuma/ros2_ws_2/install/urdf_tutorial:/home/kazuma/ros2_ws_2/install/turtlebot3_msgs:/home/kazuma/ros2_ws_2/install/turtlebot3_gazebo:/home/kazuma/ros2_ws_2/install/turtlebot3_description:/home/kazuma/ros2_ws_2/install/turtlebot3_cartographer:/home/kazuma/ros2_ws_2/install/nav2_system_tests:/home/kazuma/ros2_ws_2/install/nav2_bringup:/home/kazuma/ros2_ws_2/install/navigation2:/home/kazuma/ros2_ws_2/install/smac_planner:/home/kazuma/ros2_ws_2/install/slam_toolbox:/home/kazuma/ros2_ws_2/install/send_goal_2:/home/kazuma/ros2_ws_2/install/send_goal:/home/kazuma/ros2_ws_2/install/nav2_dwb_controller:/home/kazuma/ros2_ws_2/install/nav2_controller:/home/kazuma/ros2_ws_2/install/dwb_plugins:/home/kazuma/ros2_ws_2/install/dwb_critics:/home/kazuma/ros2_ws_2/install/dwb_core:/home/kazuma/ros2_ws_2/install/nav_2d_utils:/home/kazuma/ros2_ws_2/install/dwb_msgs:/home/kazuma/ros2_ws_2/install/nav_2d_msgs:/home/kazuma/ros2_ws_2/install/nav2_waypoint_follower:/home/kazuma/ros2_ws_2/install/nav2_regulated_pure_pursuit_controller:/home/kazuma/ros2_ws_2/install/nav2_recoveries:/home/kazuma/ros2_ws_2/install/nav2_planner:/home/kazuma/ros2_ws_2/install/nav2_navfn_planner:/home/kazuma/ros2_ws_2/install/nav2_core:/home/kazuma/ros2_ws_2/install/costmap_queue:/home/kazuma/ros2_ws_2/install/nav2_costmap_2d:/home/kazuma/ros2_ws_2/install/nav2_voxel_grid:/home/kazuma/ros2_ws_2/install/nav2_rviz_plugins:/home/kazuma/ros2_ws_2/install/nav2_map_server:/home/kazuma/ros2_ws_2/install/nav2_lifecycle_manager:/home/kazuma/ros2_ws_2/install/nav2_bt_navigator:/home/kazuma/ros2_ws_2/install/nav2_behavior_tree:/home/kazuma/ros2_ws_2/install/nav2_amcl:/home/kazuma/ros2_ws_2/install/nav2_util:/home/kazuma/ros2_ws_2/install/nav2_msgs:/home/kazuma/ros2_ws_2/install/nav2_common:/home/kazuma/ros2_ws_2/install/dynamixel_sdk_examples:/home/kazuma/ros2_ws_2/install/dynamixel_sdk_custom_interfaces:/home/kazuma/ros2_ws_2/install/dynamixel_sdk:/home/kazuma/ros2_ws/install/nav2_msgs:/home/kazuma/ros2_ws/install/nav2_gazebo_spawner:/home/kazuma/ros2_ws_2/install/turtlebot3_teleop:/home/kazuma/ros2_ws_2/install/turtlebot3_example:/home/kazuma/ros2_ws_2/install/nav2_gazebo_spawner:/opt/ros/foxy LD_LIBRARY_PATH=/home/kazuma/ros2_ws_2/ros2_main/install/csm/lib:${LD_LIBRARY_PATH} /usr/bin/cmake --build /home/kazuma/ros2_ws_2/ros2_main/build/lidar_vel -- -j8 -l8
