-- The C compiler identification is GNU 9.3.0
-- The CXX compiler identification is GNU 9.3.0
-- Check for working C compiler: /usr/bin/cc
-- Check for working C compiler: /usr/bin/cc -- works
-- Detecting C compiler ABI info
-- Detecting C compiler ABI info - done
-- Detecting C compile features
-- Detecting C compile features - done
-- Check for working CXX compiler: /usr/bin/c++
-- Check for working CXX compiler: /usr/bin/c++ -- works
-- Detecting CXX compiler ABI info
-- Detecting CXX compiler ABI info - done
-- Detecting CXX compile features
-- Detecting CXX compile features - done
-- Found ament_cmake: 0.9.9 (/opt/ros/foxy/share/ament_cmake/cmake)
-- Found PythonInterp: /usr/bin/python3 (found suitable version "3.8.10", minimum required is "3") 
-- Using PYTHON_EXECUTABLE: /usr/bin/python3
-- Found rclcpp: 2.4.1 (/opt/ros/foxy/share/rclcpp/cmake)
-- Using all available rosidl_typesupport_c: rosidl_typesupport_fastrtps_c;rosidl_typesupport_introspection_c
-- Found rosidl_adapter: 1.2.1 (/opt/ros/foxy/share/rosidl_adapter/cmake)
-- Found OpenSSL: /usr/lib/x86_64-linux-gnu/libcrypto.so (found version "1.1.1f")  
-- Found FastRTPS: /opt/ros/foxy/include  
-- Using all available rosidl_typesupport_cpp: rosidl_typesupport_fastrtps_cpp;rosidl_typesupport_introspection_cpp
-- Found rmw_implementation_cmake: 1.0.3 (/opt/ros/foxy/share/rmw_implementation_cmake/cmake)
-- Using RMW implementation 'rmw_fastrtps_cpp' as default
-- Looking for pthread.h
-- Looking for pthread.h - found
-- Performing Test CMAKE_HAVE_LIBC_PTHREAD
-- Performing Test CMAKE_HAVE_LIBC_PTHREAD - Failed
-- Looking for pthread_create in pthreads
-- Looking for pthread_create in pthreads - not found
-- Looking for pthread_create in pthread
-- Looking for pthread_create in pthread - found
-- Found Threads: TRUE  
-- Found rosidl_default_generators: 1.0.1 (/opt/ros/foxy/share/rosidl_default_generators/cmake)
-- Found ament_lint_auto: 0.9.6 (/opt/ros/foxy/share/ament_lint_auto/cmake)
-- Added test 'copyright' to check source files copyright and LICENSE
-- Added test 'cppcheck' to perform static code analysis on C / C++ code
-- Configured cppcheck include dirs: $<BUILD_INTERFACE:/home/kazuma/ros2_ws_2/ros2_main/src/jlb_pid/include>
-- Configured cppcheck exclude dirs and/or files: 
-- Added test 'cpplint' to check C / C++ code against the Google style
-- Configured cpplint exclude dirs and/or files: 
-- Added test 'lint_cmake' to check CMake code style
-- Added test 'uncrustify' to check C / C++ code style
-- Configured uncrustify additional arguments: 
-- Added test 'xmllint' to check XML markup files
-- Configuring done
-- Generating done
-- Build files have been written to: /home/kazuma/ros2_ws_2/ros2_main/src/build/jlb_pid
[35m[1mScanning dependencies of target jlb_pid_core[0m
[ 33%] [32mBuilding CXX object CMakeFiles/jlb_pid_core.dir/src/config.cpp.o[0m
[ 33%] [32mBuilding CXX object CMakeFiles/jlb_pid_core.dir/src/pid.cpp.o[0m
[ 50%] [32mBuilding CXX object CMakeFiles/jlb_pid_core.dir/src/controller.cpp.o[0m
[ 66%] [32m[1mLinking CXX static library libjlb_pid_core.a[0m
[ 66%] Built target jlb_pid_core
[35m[1mScanning dependencies of target controller_node[0m
[ 83%] [32mBuilding CXX object CMakeFiles/controller_node.dir/src/controller_node.cpp.o[0m
[01m[K/home/kazuma/ros2_ws_2/ros2_main/src/jlb_pid/src/controller_node.cpp:[m[K In member function â€˜[01m[Kvoid jlbpid::ControllerNode::declare_parameters()[m[Kâ€™:
[01m[K/home/kazuma/ros2_ws_2/ros2_main/src/jlb_pid/src/controller_node.cpp:77:43:[m[K [01;31m[Kerror: [m[Kâ€˜[01m[Kplant_topic[m[Kâ€™ was not declared in this scope
   77 |     this->declare_parameter("plant_topic",[01;31m[Kplant_topic[m[K);
      |                                           [01;31m[K^~~~~~~~~~~[m[K
[01m[K/home/kazuma/ros2_ws_2/ros2_main/src/jlb_pid/src/controller_node.cpp:78:46:[m[K [01;31m[Kerror: [m[Kâ€˜[01m[Ksetpoint_topic[m[Kâ€™ was not declared in this scope
   78 |     this->declare_parameter("setpoint_topic",[01;31m[Ksetpoint_topic[m[K);
      |                                              [01;31m[K^~~~~~~~~~~~~~[m[K
[01m[K/home/kazuma/ros2_ws_2/ros2_main/src/jlb_pid/src/controller_node.cpp:79:44:[m[K [01;31m[Kerror: [m[Kâ€˜[01m[Kenable_topic[m[Kâ€™ was not declared in this scope
   79 |     this->declare_parameter("enable_topic",[01;31m[Kenable_topic[m[K);
      |                                            [01;31m[K^~~~~~~~~~~~[m[K
[01m[K/home/kazuma/ros2_ws_2/ros2_main/src/jlb_pid/src/controller_node.cpp:82:48:[m[K [01;31m[Kerror: [m[Kâ€˜[01m[Kcontroller_topic[m[Kâ€™ was not declared in this scope; did you mean â€˜[01m[Kcontroller_[m[Kâ€™?
   82 |     this->declare_parameter("controller_topic",[01;31m[Kcontroller_topic[m[K);
      |                                                [01;31m[K^~~~~~~~~~~~~~~~[m[K
      |                                                [32m[Kcontroller_[m[K
make[2]: *** [CMakeFiles/controller_node.dir/build.make:63: CMakeFiles/controller_node.dir/src/controller_node.cpp.o] Error 1
make[1]: *** [CMakeFiles/Makefile2:80: CMakeFiles/controller_node.dir/all] Error 2
make: *** [Makefile:141: all] Error 2
